sat
((xT_0 #b0000000000000))
((yT_0 #b0000000000000100011))
((xT_1 #b0000000000000))
((yT_1 #b0000000000000010001))
((xT_2 #b0000000000000))
((yT_2 #b0000000000000001000))
((xT_3 #b0000000000000))
((yT_3 #b0000000000000000100))
((xT_4 #b0000000000000))
((yT_4 #b0000000000000000010))
((xT_5 #b0000000000000))
((yT_5 #b0000000000000000001))
((xT_6 #b0000000000000))
((yT_6 #b0000000000000000000))
((xT_7 #b0000000000000))
((yT_7 #b0000000000000000000))
((xT_8 #b0000000000000))
((yT_8 #b0000000000000000000))
((xT_9 #b0000000000000))
((yT_9 #b0000000000000000000))
((xT_10 #b0000000000000))
((yT_10 #b0000000000000000000))
((xT_11 #b0000000000000))
((yT_11 #b0000000000000000000))
((xT_12 #b0000000000000))
((yT_12 #b0000000000000000000))
((xT_13 #b0000000000000))
((yT_13 #b0000000000000000000))
((xT_14 #b0000000000000))
((yT_14 #b0000000000000000000))
((xT_15 #b0000000000000))
((yT_15 #b0000000000000000000))
((xT_16 #b0000000000000))
((yT_16 #b0000000000000000000))
((xT_17 #b0000000000000))
((yT_17 #b0000000000000000000))
((xT_18 #b0000000000000))
((yT_18 #b0000000000000000000))
((xT_19 #b0000000000000))
((yT_19 #b0000000000000000000))
((xT_20 #b0000000000000))
((yT_20 #b0000000000000000000))
((xT_21 #b0000000000000))
((yT_21 #b0000000000000000000))
((xT_22 #b0000000000000))
((yT_22 #b0000000000000000000))
((xT_23 #b0000000000000))
((yT_23 #b0000000000000000000))
((xT_24 #b0000000000000))
((yT_24 #b0000000000000000000))
((xT_25 #b0000000000000))
((yT_25 #b0000000000000000000))
((xT_26 #b0000000000000))
((yT_26 #b0000000000000000000))
((xT_27 #b1000000000000))
((yT_27 #b0000000000000000000))
((xT_28 #b0100000000000))
((yT_28 #b0000000000000000000))
((xT_29 #b0010000000000))
((yT_29 #b0000000000000000000))
((xT_30 #b0001000000000))
((yT_30 #b0000000000000000000))
((xT_31 #b0000100000000))
((yT_31 #b0000000000000000000))
((xT_32 #b0000010000000))
((yT_32 #b0000000000000000000))
((xT_33 #b0000001000000))
((yT_33 #b0000000000000000000))
((xT_34 #b0000000100000))
((yT_34 #b0000000000000000000))
((xT_35 #b0000000010000))
((yT_35 #b0000000000000000000))
((xT_36 #b0000000001000))
((yT_36 #b0000000000000000000))
((xT_37 #b0000000000100))
((yT_37 #b0000000000000000000))
((xT_38 #b0000000000010))
((yT_38 #b0000000000000000000))
((xT_39 #b0000000000001))
((yT_39 #b0000000000000000000))
((xT_40 #b0000000000000))
((yT_40 #b0000000000000000000))
((xT_41 #b0000000000000))
((yT_41 #b0000000000000000000))
((xT_42 #b0000000000000))
((yT_42 #b0000000000000000000))
((xT_43 #b0000000000000))
((yT_43 #b0000000000000000000))
((xT_44 #b0000000000000))
((yT_44 #b0000000000000000000))
((xT_45 #b0000000000000))
((yT_45 #b0000000000000000000))
((xT_46 #b0000000000000))
((yT_46 #b0000000000000000000))
((xT_47 #b0000000000000))
((yT_47 #b0000000000000000000))
((xT_48 #b0000000000000))
((yT_48 #b0000000000000000000))
((xT_49 #b0000000000000))
((yT_49 #b0000000000000000000))
((xT_50 #b0000000000000))
((yT_50 #b0000000000000000000))
((xT_51 #b0000000000000))
((yT_51 #b0000000000000000000))
((xT_52 #b1000000000000))
((yT_52 #b0000000000000000000))
((xT_53 #b0100000000000))
((yT_53 #b0000000000000000000))
((xT_54 #b0010000000000))
((yT_54 #b0000000000000000000))
((xT_55 #b0001000000000))
((yT_55 #b0000000000000000000))
((xT_56 #b0000100000000))
((yT_56 #b0000000000000000000))
((xT_57 #b0000010000000))
((yT_57 #b0000000000000000000))
((xT_58 #b0000001000000))
((yT_58 #b0000000000000000000))
((xT_59 #b0000000100000))
((yT_59 #b1000000000000000000))
((xT_60 #b0000000010000))
((yT_60 #b0100000000000000000))
((xT_61 #b0000000001000))
((yT_61 #b0010000000000000000))
((xT_62 #b0000000000100))
((yT_62 #b0001000000000000000))
((xT_63 #b0000000000010))
((yT_63 #b0000100000000000000))
((xT_64 #b1000000000001))
((yT_64 #b0000010000000000000))
((xT_65 #b0100000000000))
((yT_65 #b0000001000000000000))
((xT_66 #b0010000000000))
((yT_66 #b0000000100000000000))
((xT_67 #b1001000000000))
((yT_67 #b0000000010000000000))
((xT_68 #b0100100000000))
((yT_68 #b0000000001000000000))
((xT_69 #b0010010000000))
((yT_69 #b0000000000100000000))
((xT_70 #b0001001000000))
((yT_70 #b0000000000010000000))
((xT_71 #b1000100100000))
((yT_71 #b1000000000001000000))
((xT_72 #b0100010010000))
((yT_72 #b0100000000000100000))
((xT_73 #b0010001001000))
((yT_73 #b0010000000000010000))
((xT_74 #b0001000100100))
((yT_74 #b0001000000000001000))
((xT_75 #b0000100010010))
((yT_75 #b1000100000000000100))
((xT_76 #b0000010001001))
((yT_76 #b0100010000000000010))
((xT_77 #b0000001000100))
((yT_77 #b0010001000000000001))
((xT_78 #b0000000100010))
((yT_78 #b0001000100000000000))
((xT_79 #b0000000010001))
((yT_79 #b0000100010000000000))
((xT_80 #b0000000001000))
((yT_80 #b0000010001000000000))
((xT_81 #b0000000000100))
((yT_81 #b0000001000100000000))
((xT_82 #b0000000000010))
((yT_82 #b0000000100010000000))
((xT_83 #b0000000000001))
((yT_83 #b0000000010001000000))
((xT_84 #b0000000000000))
((yT_84 #b0000000001000100000))
((xT_85 #b0000000000000))
((yT_85 #b0000000000100010000))
((xT_86 #b0000000000000))
((yT_86 #b0000000000010001000))
((xT_87 #b0000000000000))
((yT_87 #b0000000000001000100))
((xT_88 #b0000000000000))
((yT_88 #b0000000000000100010))
((xT_89 #b0000000000000))
((yT_89 #b0000000000000010001))
((xT_90 #b0000000000000))
((yT_90 #b0000000000000001000))
((xT_91 #b0000000000000))
((yT_91 #b0000000000000000100))
((xT_92 #b0000000000000))
((yT_92 #b0000000000000000010))
((xT_93 #b0000000000000))
((yT_93 #b0000000000000000001))
((xT_94 #b0000000000000))
((yT_94 #b0000000000000000000))
((xT_95 #b0000000000000))
((yT_95 #b0000000000000000000))
((xT_96 #b0000000000000))
((yT_96 #b0000000000000000000))
((xT_97 #b0000000000000))
((yT_97 #b0000000000000000000))
((xT_98 #b0000000000000))
((yT_98 #b0000000000000000000))
((xT_99 #b0000000000000))
((yT_99 #b0000000000000000000))
((xT_100 #b0000000000000))
((yT_100 #b0000000000000000000))
((xT_101 #b0000000000000))
((yT_101 #b0000000000000000000))
((xT_102 #b0000000000000))
((yT_102 #b0000000000000000000))
((xT_103 #b0000000000000))
((yT_103 #b0000000000000000000))
((uxT_44 #b0000000000000))
((uyT_44 #b0000000000000000000))
((uxT_45 #b0000000000000))
((uyT_45 #b0000000000000000000))
((uxT_46 #b0000000000000))
((uyT_46 #b0000000000000000000))
((uxT_47 #b0000000000000))
((uyT_47 #b0000000000000000000))
((uxT_48 #b0000000000000))
((uyT_48 #b0000000000000000000))
((uxT_49 #b0000000000000))
((uyT_49 #b0000000000000000000))
((uxT_50 #b0000000000000))
((uyT_50 #b0000000000000000000))
((uxT_51 #b0000000000000))
((uyT_51 #b0000000000000000000))
((uxT_52 #b0000000000000))
((uyT_52 #b0000000000000000000))
((uxT_53 #b0000000000000))
((uyT_53 #b0000000000000000000))
((uxT_54 #b0000000000000))
((uyT_54 #b0000000000000000000))
((uxT_55 #b0000000000000))
((uyT_55 #b0000000000000000000))
((uxT_56 #b0000000000000))
((uyT_56 #b0000000000000000000))
((uxT_57 #b0000000000000))
((uyT_57 #b0000000000000000000))
((uxT_58 #b0000000000000))
((uyT_58 #b0000000000000000000))
((uxT_59 #b0000000000000))
((uyT_59 #b0000000000000000000))
((uxT_60 #b0000000000000))
((uyT_60 #b0000000000000000000))
((uxT_61 #b0000000000000))
((uyT_61 #b0000000000000000000))
((uxT_62 #b0000000000000))
((uyT_62 #b0000000000000000000))
((uxT_63 #b0000000000000))
((uyT_63 #b0000000000000000000))
((uxT_64 #b0000000000000))
((uyT_64 #b0000000000000000000))
((uxT_65 #b0000000000000))
((uyT_65 #b0000000000000000000))
((uxT_66 #b0000000000000))
((uyT_66 #b0000000000000000000))
((uxT_67 #b0000000000000))
((uyT_67 #b0000000000000000000))
((uxT_68 #b1000000000000))
((uyT_68 #b0000000000000000000))
((uxT_69 #b0100000000000))
((uyT_69 #b0000000000000000000))
((uxT_70 #b1010000000000))
((uyT_70 #b1000000000000000000))
((uxT_71 #b0101000000000))
((uyT_71 #b0100000000000000000))
((uxT_72 #b1010100000000))
((uyT_72 #b1010000000000000000))
((uxT_73 #b0101010000000))
((uyT_73 #b1101000000000000000))
((uxT_74 #b1010101000000))
((uyT_74 #b1110100000000000000))
((uxT_75 #b1101010100000))
((uyT_75 #b0111010000000000000))
((uxT_76 #b1110101010000))
((uyT_76 #b1011101000000000000))
((uxT_77 #b1111010101000))
((uyT_77 #b1101110100000000000))
((uxT_78 #b1111101010100))
((uyT_78 #b1110111010000000000))
((uxT_79 #b1111110101010))
((uyT_79 #b1111011101000000000))
((uxT_80 #b1111111010101))
((uyT_80 #b1111101110100000000))
((uxT_81 #b1111111101010))
((uyT_81 #b1111110111010000000))
((uxT_82 #b1111111110101))
((uyT_82 #b1111111011101000000))
((uxT_83 #b1111111111010))
((uyT_83 #b1111111101110100000))
((uxT_84 #b1111111111101))
((uyT_84 #b1111111110111010000))
((uxT_85 #b1111111111110))
((uyT_85 #b1111111111011101000))
((uxT_86 #b1111111111111))
((uyT_86 #b1111111111101110100))
((uxT_87 #b1111111111111))
((uyT_87 #b1111111111110111010))
((uxT_88 #b1111111111111))
((uyT_88 #b1111111111111011101))
((uxT_89 #b1111111111111))
((uyT_89 #b1111111111111101110))
((uxT_90 #b1111111111111))
((uyT_90 #b1111111111111110111))
((uxT_91 #b1111111111111))
((uyT_91 #b1111111111111111011))
((uxT_92 #b1111111111111))
((uyT_92 #b1111111111111111101))
((uxT_93 #b1111111111111))
((uyT_93 #b1111111111111111110))
((uxT_94 #b1111111111111))
((uyT_94 #b1111111111111111111))
((uxT_95 #b1111111111111))
((uyT_95 #b1111111111111111111))
((uxT_96 #b1111111111111))
((uyT_96 #b1111111111111111111))
((uxT_97 #b1111111111111))
((uyT_97 #b1111111111111111111))
((uxT_98 #b1111111111111))
((uyT_98 #b1111111111111111111))
((uxT_99 #b1111111111111))
((uyT_99 #b1111111111111111111))
((uxT_100 #b1111111111111))
((uyT_100 #b1111111111111111111))
((uxT_101 #b1111111111111))
((uyT_101 #b1111111111111111111))
((uxT_102 #b1111111111111))
((uyT_102 #b1111111111111111111))
((uxT_103 #b1111111111111))
((uyT_103 #b1111111111111111111))
((xB_45 #b0000000000000))
((yB_45 #b0000000000000000000))
((xB_46 #b0000000000000))
((yB_46 #b0000000000000000000))
((xB_47 #b0000000000000))
((yB_47 #b0000000000000000000))
((xB_48 #b0000000000000))
((yB_48 #b0000000000000000000))
((xB_49 #b0000000000000))
((yB_49 #b0000000000000000000))
((xB_50 #b0000000000000))
((yB_50 #b0000000000000000000))
((xB_51 #b0000000000000))
((yB_51 #b0000000000000000000))
((xB_52 #b0000000000000))
((yB_52 #b0000000000000000000))
((xB_53 #b0000000000000))
((yB_53 #b0000000000000000000))
((xB_54 #b0000000000000))
((yB_54 #b0000000000000000000))
((xB_55 #b0000000000000))
((yB_55 #b0000000000000000000))
((xB_56 #b1000000000000))
((yB_56 #b1000000000000000000))
((xB_57 #b1100000000000))
((yB_57 #b0100000000000000000))
((xB_58 #b0110000000000))
((yB_58 #b1010000000000000000))
((xB_59 #b0011000000000))
((yB_59 #b1101000000000000000))
((xB_60 #b1001100000000))
((yB_60 #b0110100000000000000))
((xB_61 #b0100110000000))
((yB_61 #b0011010000000000000))
((xB_62 #b0010011000000))
((yB_62 #b0001101000000000000))
((xB_63 #b1001001100000))
((yB_63 #b1000110100000000000))
((xB_64 #b0100100110000))
((yB_64 #b0100011010000000000))
((xB_65 #b0010010011000))
((yB_65 #b0010001101000000000))
((xB_66 #b0001001001100))
((yB_66 #b0001000110100000000))
((xB_67 #b0000100100110))
((yB_67 #b0000100011010000000))
((xB_68 #b0000010010011))
((yB_68 #b0000010001101000000))
((xB_69 #b0000001001001))
((yB_69 #b0000001000110100000))
((xB_70 #b0000000100100))
((yB_70 #b0000000100011010000))
((xB_71 #b0000000010010))
((yB_71 #b0000000010001101000))
((xB_72 #b0000000001001))
((yB_72 #b0000000001000110100))
((xB_73 #b0000000000100))
((yB_73 #b0000000000100011010))
((xB_74 #b0000000000010))
((yB_74 #b0000000000010001101))
((xB_75 #b0000000000001))
((yB_75 #b0000000000001000110))
((xB_76 #b0000000000000))
((yB_76 #b0000000000000100011))
((xB_77 #b0000000000000))
((yB_77 #b0000000000000010001))
((xB_78 #b0000000000000))
((yB_78 #b0000000000000001000))
((xB_79 #b0000000000000))
((yB_79 #b0000000000000000100))
((xB_80 #b0000000000000))
((yB_80 #b0000000000000000010))
((xB_81 #b0000000000000))
((yB_81 #b0000000000000000001))
((xB_82 #b0000000000000))
((yB_82 #b0000000000000000000))
((xB_83 #b0000000000000))
((yB_83 #b0000000000000000000))
((xB_84 #b0000000000000))
((yB_84 #b0000000000000000000))
((xB_85 #b0000000000000))
((yB_85 #b0000000000000000000))
((xB_86 #b0000000000000))
((yB_86 #b0000000000000000000))
((xB_87 #b0000000000000))
((yB_87 #b0000000000000000000))
((xB_88 #b0000000000000))
((yB_88 #b0000000000000000000))
((xB_89 #b0000000000000))
((yB_89 #b0000000000000000000))
((xB_90 #b0000000000000))
((yB_90 #b0000000000000000000))
((xB_91 #b0000000000000))
((yB_91 #b0000000000000000000))
((xB_92 #b0000000000000))
((yB_92 #b0000000000000000000))
((xB_93 #b0000000000000))
((yB_93 #b0000000000000000000))
((xB_94 #b0000000000000))
((yB_94 #b0000000000000000000))
((xB_95 #b0000000000000))
((yB_95 #b0000000000000000000))
((xB_96 #b0000000000000))
((yB_96 #b0000000000000000000))
((xB_97 #b0000000000000))
((yB_97 #b0000000000000000000))
((xB_98 #b0000000000000))
((yB_98 #b0000000000000000000))
((xB_99 #b0000000000000))
((yB_99 #b0000000000000000000))
((xB_100 #b0000000000000))
((yB_100 #b0000000000000000000))
((xB_101 #b0000000000000))
((yB_101 #b0000000000000000000))
((xB_102 #b0000000000000))
((yB_102 #b0000000000000000000))
((xB_103 #b1000000000000))
((yB_103 #b0000000000000000000))
((xB_104 #b0100000000000))
((yB_104 #b0000000000000000000))
((xB_105 #b0010000000000))
((yB_105 #b0000000000000000000))
((xB_106 #b0001000000000))
((yB_106 #b0000000000000000000))
((xB_107 #b0000100000000))
((yB_107 #b0000000000000000000))
((xB_108 #b0000010000000))
((yB_108 #b0000000000000000000))
((xB_109 #b0000001000000))
((yB_109 #b0000000000000000000))
((xB_110 #b0000000100000))
((yB_110 #b0000000000000000000))
((xB_111 #b0000000010000))
((yB_111 #b0000000000000000000))
((xB_112 #b0000000001000))
((yB_112 #b0000000000000000000))
((xB_113 #b0000000000100))
((yB_113 #b0000000000000000000))
((xB_114 #b0000000000010))
((yB_114 #b0000000000000000000))
((xB_115 #b0000000000001))
((yB_115 #b0000000000000000000))
((xB_116 #b0000000000000))
((yB_116 #b0000000000000000000))
((xB_117 #b0000000000000))
((yB_117 #b0000000000000000000))
((xB_118 #b0000000000000))
((yB_118 #b0000000000000000000))
((xB_119 #b0000000000000))
((yB_119 #b0000000000000000000))
((xB_120 #b0000000000000))
((yB_120 #b0000000000000000000))
((xB_121 #b0000000000000))
((yB_121 #b0000000000000000000))
((xB_122 #b0000000000000))
((yB_122 #b0000000000000000000))
((xB_123 #b0000000000000))
((yB_123 #b0000000000000000000))
((xB_124 #b0000000000000))
((yB_124 #b0000000000000000000))
((xB_125 #b0000000000000))
((yB_125 #b0000000000000000000))
((xB_126 #b0000000000000))
((yB_126 #b0000000000000000000))
((xB_127 #b0000000000000))
((yB_127 #b0000000000000000000))
((xB_128 #b1000000000000))
((yB_128 #b0000000000000000000))
((xB_129 #b0100000000000))
((yB_129 #b0000000000000000000))
((xB_130 #b0010000000000))
((yB_130 #b0000000000000000000))
((xB_131 #b0001000000000))
((yB_131 #b0000000000000000000))
((xB_132 #b0000100000000))
((yB_132 #b0000000000000000000))
((xB_133 #b0000010000000))
((yB_133 #b0000000000000000000))
((xB_134 #b0000001000000))
((yB_134 #b0000000000000000000))
((xB_135 #b0000000100000))
((yB_135 #b1000000000000000000))
((xB_136 #b0000000010000))
((yB_136 #b0100000000000000000))
((xB_137 #b0000000001000))
((yB_137 #b0010000000000000000))
((xB_138 #b0000000000100))
((yB_138 #b0001000000000000000))
((xB_139 #b0000000000010))
((yB_139 #b0000100000000000000))
((xB_140 #b0000000000001))
((yB_140 #b0000010000000000000))
((xB_141 #b0000000000000))
((yB_141 #b0000001000000000000))
((xB_142 #b0000000000000))
((yB_142 #b0000000100000000000))
((xB_143 #b1000000000000))
((yB_143 #b0000000010000000000))
((xB_144 #b0100000000000))
((yB_144 #b0000000001000000000))
((xB_145 #b0010000000000))
((yB_145 #b0000000000100000000))
((xB_146 #b0001000000000))
((yB_146 #b1000000000010000000))
((xB_147 #b1000100000000))
((yB_147 #b0100000000001000000))
((xB_148 #b0100010000000))
((yB_148 #b0010000000000100000))
((uxB_45 #b1111111111111))
((uyB_45 #b1111111111111111111))
((uxB_46 #b1111111111111))
((uyB_46 #b1111111111111111111))
((uxB_47 #b1111111111111))
((uyB_47 #b1111111111111111111))
((uxB_48 #b1111111111111))
((uyB_48 #b1111111111111111111))
((uxB_49 #b0111111111111))
((uyB_49 #b1111111111111111111))
((uxB_50 #b1011111111111))
((uyB_50 #b1111111111111111111))
((uxB_51 #b0101111111111))
((uyB_51 #b1111111111111111111))
((uxB_52 #b1010111111111))
((uyB_52 #b1111111111111111111))
((uxB_53 #b1101011111111))
((uyB_53 #b1111111111111111111))
((uxB_54 #b0110101111111))
((uyB_54 #b0111111111111111111))
((uxB_55 #b0011010111111))
((uyB_55 #b1011111111111111111))
((uxB_56 #b0001101011111))
((uyB_56 #b0101111111111111111))
((uxB_57 #b0000110101111))
((uyB_57 #b0010111111111111111))
((uxB_58 #b0000011010111))
((uyB_58 #b0001011111111111111))
((uxB_59 #b0000001101011))
((uyB_59 #b0000101111111111111))
((uxB_60 #b0000000110101))
((uyB_60 #b0000010111111111111))
((uxB_61 #b0000000011010))
((uyB_61 #b0000001011111111111))
((uxB_62 #b0000000001101))
((uyB_62 #b0000000101111111111))
((uxB_63 #b0000000000110))
((uyB_63 #b0000000010111111111))
((uxB_64 #b0000000000011))
((uyB_64 #b0000000001011111111))
((uxB_65 #b0000000000001))
((uyB_65 #b0000000000101111111))
((uxB_66 #b0000000000000))
((uyB_66 #b0000000000010111111))
((uxB_67 #b0000000000000))
((uyB_67 #b0000000000001011111))
((uxB_68 #b0000000000000))
((uyB_68 #b0000000000000101111))
((uxB_69 #b0000000000000))
((uyB_69 #b0000000000000010111))
((uxB_70 #b0000000000000))
((uyB_70 #b0000000000000001011))
((uxB_71 #b0000000000000))
((uyB_71 #b0000000000000000101))
((uxB_72 #b0000000000000))
((uyB_72 #b0000000000000000010))
((uxB_73 #b0000000000000))
((uyB_73 #b0000000000000000001))
((uxB_74 #b0000000000000))
((uyB_74 #b0000000000000000000))
((uxB_75 #b0000000000000))
((uyB_75 #b0000000000000000000))
((uxB_76 #b0000000000000))
((uyB_76 #b0000000000000000000))
((uxB_77 #b0000000000000))
((uyB_77 #b0000000000000000000))
((uxB_78 #b0000000000000))
((uyB_78 #b0000000000000000000))
((uxB_79 #b0000000000000))
((uyB_79 #b0000000000000000000))
((uxB_80 #b0000000000000))
((uyB_80 #b0000000000000000000))
((uxB_81 #b0000000000000))
((uyB_81 #b0000000000000000000))
((uxB_82 #b0000000000000))
((uyB_82 #b0000000000000000000))
((uxB_83 #b0000000000000))
((uyB_83 #b0000000000000000000))
((uxB_84 #b0000000000000))
((uyB_84 #b0000000000000000000))
((uxB_85 #b0000000000000))
((uyB_85 #b0000000000000000000))
((uxB_86 #b0000000000000))
((uyB_86 #b0000000000000000000))
((uxB_87 #b0000000000000))
((uyB_87 #b0000000000000000000))
((uxB_88 #b0000000000000))
((uyB_88 #b0000000000000000000))
((uxB_89 #b0000000000000))
((uyB_89 #b0000000000000000000))
((uxB_90 #b0000000000000))
((uyB_90 #b0000000000000000000))
((uxB_91 #b0000000000000))
((uyB_91 #b0000000000000000000))
((uxB_92 #b0000000000000))
((uyB_92 #b0000000000000000000))
((uxB_93 #b0000000000000))
((uyB_93 #b0000000000000000000))
((uxB_94 #b0000000000000))
((uyB_94 #b0000000000000000000))
((uxB_95 #b0000000000000))
((uyB_95 #b0000000000000000000))
((uxB_96 #b0000000000000))
((uyB_96 #b0000000000000000000))
((uxB_97 #b0000000000000))
((uyB_97 #b0000000000000000000))
((uxB_98 #b0000000000000))
((uyB_98 #b0000000000000000000))
((uxB_99 #b0000000000000))
((uyB_99 #b0000000000000000000))
((uxB_100 #b0000000000000))
((uyB_100 #b0000000000000000000))
((uxB_101 #b0000000000000))
((uyB_101 #b0000000000000000000))
((uxB_102 #b0000000000000))
((uyB_102 #b0000000000000000000))
((uxB_103 #b0000000000000))
((uyB_103 #b0000000000000000000))
((uxB_104 #b0000000000000))
((uyB_104 #b0000000000000000000))
((xT_0 #b0000000000000))
((yT_0 #b0000000000000100011))
((xB_148 #b0100010000000))
((yB_148 #b0010000000000100000))
((kT #b11111011101111110011110101101000110000011001100000111101100000010111001011001110110001000100111000110110111010010001000111001101111010100100010101010000001110000000000110000001010101000000000010000000000000000000000001000000010100000000000000100000000000000000000000000000000000000000100000001010))
((kB #b00101100000000010010000101010000000000001000000000000000000000000100000001010001000000000010000000000000000000000000000000000000000010000000101001100001010101000110110000100011000010001101010111010000100101111101110101100101010101010010001111010010000010001001110000001001011100001001100000101001))
((AL1T_0 false))
((AL2T_0 false))
((AL1T_1 false))
((AL2T_1 false))
((AL1T_2 false))
((AL2T_2 false))
((AL1T_3 false))
((AL2T_3 false))
((AL1T_4 false))
((AL2T_4 false))
((AL1T_5 false))
((AL2T_5 false))
((AL1T_6 false))
((AL2T_6 false))
((AL1T_7 false))
((AL2T_7 false))
((AL1T_8 false))
((AL2T_8 false))
((AL1T_9 false))
((AL2T_9 false))
((AL1T_10 false))
((AL2T_10 false))
((AL1T_11 false))
((AL2T_11 false))
((AL1T_12 false))
((AL2T_12 false))
((AL1T_13 false))
((AL2T_13 false))
((AL1T_14 false))
((AL2T_14 false))
((AL1T_15 false))
((AL2T_15 false))
((AL1T_16 false))
((AL2T_16 false))
((AL1T_17 false))
((AL2T_17 false))
((AL1T_18 false))
((AL2T_18 false))
((AL1T_19 false))
((AL2T_19 false))
((AL1T_20 false))
((AL2T_20 false))
((AL1T_21 false))
((AL2T_21 false))
((AL1T_22 false))
((AL2T_22 false))
((AL1T_23 false))
((AL2T_23 false))
((AL1T_24 false))
((AL2T_24 false))
((AL1T_25 false))
((AL2T_25 false))
((AL1T_26 false))
((AL2T_26 false))
((AL1T_27 false))
((AL2T_27 false))
((AL1T_28 false))
((AL2T_28 false))
((AL1T_29 false))
((AL2T_29 false))
((AL1T_30 false))
((AL2T_30 false))
((AL1T_31 false))
((AL2T_31 false))
((AL1T_32 false))
((AL2T_32 true))
((AL1T_33 false))
((AL2T_33 false))
((AL1T_34 false))
((AL2T_34 false))
((AL1T_35 false))
((AL2T_35 true))
((AL1T_36 false))
((AL2T_36 false))
((AL1T_37 false))
((AL2T_37 false))
((AL1T_38 false))
((AL2T_38 false))
((AL1T_39 false))
((AL2T_39 false))
((AL1T_40 false))
((AL2T_40 false))
((AL1T_41 false))
((AL2T_41 false))
((AL1T_42 false))
((AL2T_42 false))
((AL1T_43 false))
((AL2T_43 false))
((AL1T_44 false))
((AL2T_44 false))
((AL1T_45 false))
((AL2T_45 false))
((AL1T_46 false))
((AL2T_46 false))
((AL1T_47 false))
((AL2T_47 false))
((AL1T_48 false))
((AL2T_48 false))
((AL1T_49 false))
((AL2T_49 false))
((AL1T_50 false))
((AL2T_50 false))
((AL1T_51 false))
((AL2T_51 false))
((AL1T_52 false))
((AL2T_52 false))
((AL1T_53 false))
((AL2T_53 false))
((AL1T_54 false))
((AL2T_54 false))
((AL1T_55 false))
((AL2T_55 false))
((AL1T_56 false))
((AL2T_56 false))
((AL1T_57 false))
((AL2T_57 true))
((AL1T_58 false))
((AL2T_58 false))
((AL1T_59 false))
((AL2T_59 false))
((AL1T_60 false))
((AL2T_60 true))
((AL1T_61 false))
((AL2T_61 false))
((AL1T_62 true))
((AL2T_62 false))
((AL1T_63 false))
((AL2T_63 false))
((AL1T_64 false))
((AL2T_64 false))
((AL1T_65 false))
((AL2T_65 false))
((AL1T_66 false))
((AL2T_66 false))
((AL1T_67 true))
((AL2T_67 false))
((AL1T_68 false))
((AL2T_68 false))
((AL1T_69 true))
((AL2T_69 true))
((AL1T_70 false))
((AL2T_70 false))
((AL1T_71 true))
((AL2T_71 false))
((AL1T_72 false))
((AL2T_72 true))
((AL1T_73 false))
((AL2T_73 false))
((AL1T_74 true))
((AL2T_74 false))
((AL1T_75 false))
((AL2T_75 true))
((AL1T_76 false))
((AL2T_76 true))
((AL1T_77 false))
((AL2T_77 false))
((AL1T_78 true))
((AL2T_78 false))
((AL1T_79 true))
((AL2T_79 true))
((AL1T_80 false))
((AL2T_80 false))
((AL1T_81 true))
((AL2T_81 false))
((AL1T_82 false))
((AL2T_82 false))
((AL1T_83 true))
((AL2T_83 false))
((AL1T_84 false))
((AL2T_84 false))
((AL1T_85 true))
((AL2T_85 false))
((AL1T_86 false))
((AL2T_86 false))
((AL1T_87 true))
((AL2T_87 false))
((AL1T_88 false))
((AL2T_88 false))
((AL1T_89 false))
((AL2T_89 false))
((AL1T_90 false))
((AL2T_90 false))
((AL1T_91 false))
((AL2T_91 false))
((AL1T_92 false))
((AL2T_92 false))
((AL1T_93 false))
((AL2T_93 false))
((AL1T_94 false))
((AL2T_94 false))
((AL1T_95 false))
((AL2T_95 false))
((AL1T_96 false))
((AL2T_96 false))
((AL1T_97 false))
((AL2T_97 false))
((AL1T_98 false))
((AL2T_98 false))
((AL1T_99 false))
((AL2T_99 false))
((AL1T_100 false))
((AL2T_100 false))
((AL1T_101 false))
((AL2T_101 false))
((AL1T_102 false))
((AL2T_102 false))
((PAY1T_44 false))
((PAY2T_44 false))
((PAY1B_45 false))
((PAY2B_45 false))
((PAY1T_45 false))
((PAY2T_45 false))
((PAY1B_46 false))
((PAY2B_46 false))
((PAY1T_46 false))
((PAY2T_46 false))
((PAY1B_47 false))
((PAY2B_47 false))
((PAY1T_47 false))
((PAY2T_47 false))
((PAY1B_48 false))
((PAY2B_48 false))
((PAY1T_48 false))
((PAY2T_48 false))
((PAY1B_49 false))
((PAY2B_49 false))
((PAY1T_49 false))
((PAY2T_49 false))
((PAY1B_50 false))
((PAY2B_50 false))
((PAY1T_50 false))
((PAY2T_50 false))
((PAY1B_51 false))
((PAY2B_51 false))
((PAY1T_51 false))
((PAY2T_51 false))
((PAY1B_52 false))
((PAY2B_52 false))
((PAY1T_52 false))
((PAY2T_52 false))
((PAY1B_53 false))
((PAY2B_53 false))
((PAY1T_53 false))
((PAY2T_53 false))
((PAY1B_54 false))
((PAY2B_54 false))
((PAY1T_54 false))
((PAY2T_54 false))
((PAY1B_55 false))
((PAY2B_55 false))
((PAY1T_55 false))
((PAY2T_55 false))
((PAY1B_56 false))
((PAY2B_56 false))
((PAY1T_56 false))
((PAY2T_56 false))
((PAY1B_57 false))
((PAY2B_57 false))
((PAY1T_57 false))
((PAY2T_57 true))
((PAY1B_58 false))
((PAY2B_58 false))
((PAY1T_58 false))
((PAY2T_58 false))
((PAY1B_59 false))
((PAY2B_59 false))
((PAY1T_59 false))
((PAY2T_59 false))
((PAY1B_60 false))
((PAY2B_60 false))
((PAY1T_60 false))
((PAY2T_60 true))
((PAY1B_61 false))
((PAY2B_61 true))
((PAY1T_61 false))
((PAY2T_61 false))
((PAY1B_62 false))
((PAY2B_62 false))
((PAY1T_62 true))
((PAY2T_62 false))
((PAY1B_63 false))
((PAY2B_63 false))
((PAY1T_63 false))
((PAY2T_63 false))
((PAY1B_64 false))
((PAY2B_64 false))
((PAY1T_64 false))
((PAY2T_64 false))
((PAY1B_65 false))
((PAY2B_65 false))
((PAY1T_65 false))
((PAY2T_65 false))
((PAY1B_66 false))
((PAY2B_66 false))
((PAY1T_66 false))
((PAY2T_66 false))
((PAY1B_67 false))
((PAY2B_67 false))
((PAY1T_67 false))
((PAY2T_67 false))
((PAY1B_68 false))
((PAY2B_68 true))
((PAY1T_68 false))
((PAY2T_68 false))
((PAY1B_69 false))
((PAY2B_69 false))
((PAY1T_69 false))
((PAY2T_69 false))
((PAY1B_70 false))
((PAY2B_70 false))
((PAY1T_70 false))
((PAY2T_70 false))
((PAY1B_71 false))
((PAY2B_71 true))
((PAY1T_71 false))
((PAY2T_71 false))
((PAY1B_72 false))
((PAY2B_72 false))
((PAY1T_72 false))
((PAY2T_72 false))
((PAY1B_73 false))
((PAY2B_73 false))
((PAY1T_73 false))
((PAY2T_73 false))
((PAY1B_74 false))
((PAY2B_74 false))
((PAY1T_74 false))
((PAY2T_74 false))
((PAY1B_75 true))
((PAY2B_75 false))
((PAY1T_75 false))
((PAY2T_75 false))
((PAY1B_76 false))
((PAY2B_76 false))
((PAY1T_76 false))
((PAY2T_76 false))
((PAY1B_77 false))
((PAY2B_77 false))
((PAY1T_77 false))
((PAY2T_77 false))
((PAY1B_78 false))
((PAY2B_78 false))
((PAY1T_78 false))
((PAY2T_78 false))
((PAY1B_79 false))
((PAY2B_79 false))
((PAY1T_79 false))
((PAY2T_79 false))
((PAY1B_80 false))
((PAY2B_80 false))
((PAY1T_80 false))
((PAY2T_80 false))
((PAY1B_81 false))
((PAY2B_81 false))
((PAY1T_81 false))
((PAY2T_81 false))
((PAY1B_82 false))
((PAY2B_82 false))
((PAY1T_82 false))
((PAY2T_82 false))
((PAY1B_83 false))
((PAY2B_83 false))
((PAY1T_83 false))
((PAY2T_83 false))
((PAY1B_84 false))
((PAY2B_84 false))
((PAY1T_84 false))
((PAY2T_84 false))
((PAY1B_85 false))
((PAY2B_85 false))
((PAY1T_85 false))
((PAY2T_85 false))
((PAY1B_86 false))
((PAY2B_86 false))
((PAY1T_86 false))
((PAY2T_86 false))
((PAY1B_87 false))
((PAY2B_87 false))
((PAY1T_87 false))
((PAY2T_87 false))
((PAY1B_88 false))
((PAY2B_88 false))
((PAY1T_88 false))
((PAY2T_88 false))
((PAY1B_89 false))
((PAY2B_89 false))
((PAY1T_89 false))
((PAY2T_89 false))
((PAY1B_90 false))
((PAY2B_90 false))
((PAY1T_90 false))
((PAY2T_90 false))
((PAY1B_91 false))
((PAY2B_91 false))
((PAY1T_91 false))
((PAY2T_91 false))
((PAY1B_92 false))
((PAY2B_92 false))
((PAY1T_92 false))
((PAY2T_92 false))
((PAY1B_93 false))
((PAY2B_93 false))
((PAY1T_93 false))
((PAY2T_93 false))
((PAY1B_94 false))
((PAY2B_94 false))
((PAY1T_94 false))
((PAY2T_94 false))
((PAY1B_95 false))
((PAY2B_95 false))
((PAY1T_95 false))
((PAY2T_95 false))
((PAY1B_96 false))
((PAY2B_96 false))
((PAY1T_96 false))
((PAY2T_96 false))
((PAY1B_97 false))
((PAY2B_97 false))
((PAY1T_97 false))
((PAY2T_97 false))
((PAY1B_98 false))
((PAY2B_98 false))
((PAY1T_98 false))
((PAY2T_98 false))
((PAY1B_99 false))
((PAY2B_99 false))
((PAY1T_99 false))
((PAY2T_99 false))
((PAY1B_100 false))
((PAY2B_100 false))
((PAY1T_100 false))
((PAY2T_100 false))
((PAY1B_101 false))
((PAY2B_101 false))
((PAY1T_101 false))
((PAY2T_101 false))
((PAY1B_102 false))
((PAY2B_102 false))
((PAY1T_102 false))
((PAY2T_102 false))
((PAY1B_103 false))
((PAY2B_103 false))
((AL1B_104 false))
((AL2B_104 false))
((AL1B_105 false))
((AL2B_105 false))
((AL1B_106 false))
((AL2B_106 false))
((AL1B_107 false))
((AL2B_107 false))
((AL1B_108 false))
((AL2B_108 true))
((AL1B_109 false))
((AL2B_109 false))
((AL1B_110 false))
((AL2B_110 false))
((AL1B_111 false))
((AL2B_111 true))
((AL1B_112 false))
((AL2B_112 false))
((AL1B_113 false))
((AL2B_113 false))
((AL1B_114 false))
((AL2B_114 false))
((AL1B_115 false))
((AL2B_115 false))
((AL1B_116 false))
((AL2B_116 false))
((AL1B_117 false))
((AL2B_117 false))
((AL1B_118 false))
((AL2B_118 false))
((AL1B_119 false))
((AL2B_119 false))
((AL1B_120 false))
((AL2B_120 false))
((AL1B_121 false))
((AL2B_121 false))
((AL1B_122 false))
((AL2B_122 false))
((AL1B_123 false))
((AL2B_123 false))
((AL1B_124 false))
((AL2B_124 false))
((AL1B_125 false))
((AL2B_125 false))
((AL1B_126 false))
((AL2B_126 false))
((AL1B_127 false))
((AL2B_127 false))
((AL1B_128 false))
((AL2B_128 false))
((AL1B_129 false))
((AL2B_129 false))
((AL1B_130 false))
((AL2B_130 false))
((AL1B_131 false))
((AL2B_131 false))
((AL1B_132 false))
((AL2B_132 false))
((AL1B_133 false))
((AL2B_133 true))
((AL1B_134 false))
((AL2B_134 false))
((AL1B_135 false))
((AL2B_135 false))
((AL1B_136 false))
((AL2B_136 true))
((AL1B_137 false))
((AL2B_137 false))
((AL1B_138 true))
((AL2B_138 false))
((AL1B_139 false))
((AL2B_139 false))
((AL1B_140 false))
((AL2B_140 false))
((AL1B_141 false))
((AL2B_141 false))
((AL1B_142 false))
((AL2B_142 false))
((AL1B_143 true))
((AL2B_143 false))
((AL1B_144 false))
((AL2B_144 false))
((AL1B_145 true))
((AL2B_145 false))
((AL1B_146 false))
((AL2B_146 false))
((AL1B_147 true))
((AL2B_147 false))
