sat
((kT_0 #b0000011011000000))
((kT_1 #b0000010000000000))
((kT_2 #b0001100000000000))
((kT_3 #b0000010000000000))
((kT_4 #b0000000000000000))
((kT_5 #b0001000000000000))
((kT_6 #b0001110100000000))
((kT_7 #b0000011001110000))
((kT_8 #b0001100010101001))
((kT_9 #b1011000100011111))
((kT_10 #b0001010101111010))
((kT_11 #b0111000101110101))
((kT_12 #b1000100000000000))
((kT_13 #b1011011101011000))
((kT_14 #b0100000100101011))
((kB_0 #b1100000011111010))
((kB_1 #b0000010001000100))
((kB_2 #b0000011100101010))
((kB_3 #b0000000001000100))
((kB_4 #b0000011010010000))
((kB_5 #b0000000001000000))
((kB_6 #b0000011101000000))
((kB_7 #b0000010100000000))
((kB_8 #b0000011000000000))
((kB_9 #b0000010000000000))
((kB_10 #b0000000000000000))
((kB_11 #b0000000000000000))
((kB_12 #b0000000000000000))
((kB_13 #b0000010000000000))
((kB_14 #b0000000011000000))
((lftT_0 #b0000000000000000))
((rgtT_0 #b0000011011000000))
((u_lftT_0 #b0000000000000000))
((u_rgtT_0 #b0000000000000000))
((lftT_1 #b0000000000000000))
((rgtT_1 #b0000000000000000))
((u_lftT_1 #b0000000000000000))
((u_rgtT_1 #b0000000000000000))
((lftT_2 #b0000010000000000))
((rgtT_2 #b0000000000000000))
((u_lftT_2 #b0000000000000000))
((u_rgtT_2 #b0000000000000000))
((lftT_3 #b0000000000000000))
((rgtT_3 #b0000010000000000))
((u_lftT_3 #b0000000000000000))
((u_rgtT_3 #b0000000000000000))
((lftT_4 #b0000000000000000))
((rgtT_4 #b0000000000000000))
((u_lftT_4 #b0000000000000000))
((u_rgtT_4 #b0000000000000000))
((lftT_5 #b0000000000000000))
((rgtT_5 #b0000000000000000))
((u_lftT_5 #b0000000000000000))
((u_rgtT_5 #b0000000000000000))
((lftT_6 #b0001000000000000))
((rgtT_6 #b0000000000000000))
((u_lftT_6 #b0000000000000000))
((u_rgtT_6 #b0000000000000000))
((lftT_7 #b0101110100000000))
((rgtT_7 #b0001000000000000))
((u_lftT_7 #b0010000000010000))
((u_rgtT_7 #b0000000000000000))
((lftT_8 #b0011100001100001))
((rgtT_8 #b0101110100000000))
((u_lftT_8 #b1111101001110101))
((u_rgtT_8 #b0010000000010000))
((lftB_7 #b0001011000000000))
((rgtB_7 #b0101110100010000))
((u_lftB_7 #b0000000000000000))
((u_rgtB_7 #b0010110000010110))
((lftB_8 #b0000010000000000))
((rgtB_8 #b0001011000000000))
((u_lftB_8 #b0000000000000000))
((u_rgtB_8 #b0000000000000000))
((lftB_9 #b0000000000000000))
((rgtB_9 #b0000010000000000))
((u_lftB_9 #b0000000000000000))
((u_rgtB_9 #b0000000000000000))
((lftB_10 #b0000000000000000))
((rgtB_10 #b0000000000000000))
((u_lftB_10 #b0000000000000000))
((u_rgtB_10 #b0000000000000000))
((lftB_11 #b0000000000000000))
((rgtB_11 #b0000000000000000))
((u_lftB_11 #b0000000000000000))
((u_rgtB_11 #b0000000000000000))
((lftB_12 #b0000000000000000))
((rgtB_12 #b0000000000000000))
((u_lftB_12 #b0000000000000000))
((u_rgtB_12 #b0000000000000000))
((lftB_13 #b0000000000000000))
((rgtB_13 #b0000000000000000))
((u_lftB_13 #b0000000000000000))
((u_rgtB_13 #b0000000000000000))
((lftB_14 #b0000010000000000))
((rgtB_14 #b0000000000000000))
((u_lftB_14 #b0000000000000000))
((u_rgtB_14 #b0000000000000000))
((lftB_15 #b0001000011000000))
((rgtB_15 #b0000010000000000))
((u_lftB_15 #b0000000000000000))
((u_rgtB_15 #b0000000000000000))
((PayT_6 #b0000000000000000))
((PayB_7 #b0000000000000000))
((PayT_7 #b0000000000001000))
((PayB_8 #b0000100000000100))
((kT_0 #b0000011011000000))
((kT_1 #b0000010000000000))
((kT_2 #b0001100000000000))
((kT_3 #b0000010000000000))
((kB_11 #b0000000000000000))
((kB_12 #b0000000000000000))
((kB_13 #b0000010000000000))
((kB_14 #b0000000011000000))
((lftT_0 #b0000000000000000))
((rgtT_0 #b0000011011000000))
((lftB_15 #b0001000011000000))
((rgtB_15 #b0000010000000000))
