sat
((kT_0 #b0000111111001100))
((kT_1 #b0000001011000000))
((kT_2 #b0000000100000000))
((kT_3 #b0000001001000000))
((kT_4 #b0000110000000000))
((kT_5 #b0000001000000000))
((kT_6 #b0000001000000000))
((kT_7 #b0000100000100000))
((kT_8 #b0000111010000110))
((kT_9 #b1010000000111000))
((kT_10 #b1001000000110100))
((kT_11 #b1101101011100000))
((kT_12 #b1110100001010000))
((kT_13 #b0110101110011001))
((kT_14 #b1001110001101110))
((kT_15 #b0111110011010011))
((kT_16 #b0110111001010010))
((kB_0 #b0011110011000101))
((kB_1 #b0000001010100010))
((kB_2 #b0000011111010110))
((kB_3 #b0010001000100000))
((kB_4 #b0011100101010000))
((kB_5 #b0000001000100000))
((kB_6 #b0011010010000000))
((kB_7 #b0000001000000000))
((kB_8 #b0011101000000000))
((kB_9 #b0010100000000000))
((kB_10 #b0011000000000000))
((kB_11 #b0010000000000000))
((kB_12 #b0000000000000000))
((kB_13 #b0000000000000000))
((kB_14 #b0000000000000000))
((kB_15 #b0010000000000000))
((kB_16 #b0000011000000000))
((lftT_0 #b0000001010000000))
((rgtT_0 #b1000010011001110))
((u_lftT_0 #b0000000000000000))
((u_rgtT_0 #b0000000000000000))
((lftT_1 #b0000000000000000))
((rgtT_1 #b0000001010000000))
((u_lftT_1 #b0000000000000000))
((u_rgtT_1 #b0000000000000000))
((lftT_2 #b0000000001000000))
((rgtT_2 #b0000000000000000))
((u_lftT_2 #b0000000000000000))
((u_rgtT_2 #b0000000000000000))
((lftT_3 #b0000000000000000))
((rgtT_3 #b0000000001000000))
((u_lftT_3 #b0000000000000000))
((u_rgtT_3 #b0000000000000000))
((lftT_4 #b0000001000000000))
((rgtT_4 #b0000000000000000))
((u_lftT_4 #b0000000000000000))
((u_rgtT_4 #b0000000000000000))
((lftT_5 #b0000000000000000))
((rgtT_5 #b0000001000000000))
((u_lftT_5 #b0000000000000000))
((u_rgtT_5 #b0000000000000000))
((lftT_6 #b0000000000000000))
((rgtT_6 #b0000000000000000))
((u_lftT_6 #b0000000000000000))
((u_rgtT_6 #b0000000000000000))
((lftT_7 #b0000001000000000))
((rgtT_7 #b0000000000000000))
((u_lftT_7 #b0000000000000000))
((u_rgtT_7 #b0000000000000000))
((lftT_8 #b0000000000100000))
((rgtT_8 #b0000001000000000))
((u_lftT_8 #b0000000000000000))
((u_rgtT_8 #b0000000000000000))
((lftT_9 #b0000110000000110))
((rgtT_9 #b0000000000100000))
((u_lftT_9 #b0010000000000000))
((u_rgtT_9 #b0000000000000000))
((lftT_10 #b0000000000000000))
((rgtT_10 #b0000110000000110))
((u_lftT_10 #b1101111000101100))
((u_rgtT_10 #b0010000000000000))
((lftB_7 #b0000100000000000))
((rgtB_7 #b0000000001001000))
((u_lftB_7 #b1111001111101010))
((u_rgtB_7 #b1111111111111111))
((lftB_8 #b1000100000000010))
((rgtB_8 #b0000100000000000))
((u_lftB_8 #b0010000011110001))
((u_rgtB_8 #b1111001111101010))
((lftB_9 #b1011000000000000))
((rgtB_9 #b1000100000000010))
((u_lftB_9 #b0000000000100000))
((u_rgtB_9 #b0010000011110001))
((lftB_10 #b0010000000000000))
((rgtB_10 #b1011000000000000))
((u_lftB_10 #b0000000000000000))
((u_rgtB_10 #b0000000000100000))
((lftB_11 #b0000000000000000))
((rgtB_11 #b0010000000000000))
((u_lftB_11 #b0000000000000000))
((u_rgtB_11 #b0000000000000000))
((lftB_12 #b0000000000000000))
((rgtB_12 #b0000000000000000))
((u_lftB_12 #b0000000000000000))
((u_rgtB_12 #b0000000000000000))
((lftB_13 #b0000000000000000))
((rgtB_13 #b0000000000000000))
((u_lftB_13 #b0000000000000000))
((u_rgtB_13 #b0000000000000000))
((lftB_14 #b0000000000000000))
((rgtB_14 #b0000000000000000))
((u_lftB_14 #b0000000000000000))
((u_rgtB_14 #b0000000000000000))
((lftB_15 #b0000000000000000))
((rgtB_15 #b0000000000000000))
((u_lftB_15 #b0000000000000000))
((u_rgtB_15 #b0000000000000000))
((lftB_16 #b0010000000000000))
((rgtB_16 #b0000000000000000))
((u_lftB_16 #b0000000000000000))
((u_rgtB_16 #b0000000000000000))
((lftB_17 #b1100011000000000))
((rgtB_17 #b0010000000000000))
((u_lftB_17 #b0000000000000000))
((u_rgtB_17 #b0000000000000000))
((PayT_6 #b0000000000000000))
((PayB_7 #b0000000000000000))
((PayT_7 #b0000010000000010))
((PayB_8 #b0000000000000101))
((PayT_8 #b0000000001000000))
((PayB_9 #b0100000000000000))
((PayT_9 #b0000000000000000))
((PayB_10 #b0100000000000000))
((kT_0 #b0000111111001100))
((kT_1 #b0000001011000000))
((kT_2 #b0000000100000000))
((kT_3 #b0000001001000000))
((kB_13 #b0000000000000000))
((kB_14 #b0000000000000000))
((kB_15 #b0010000000000000))
((kB_16 #b0000011000000000))
((lftT_0 #b0000001010000000))
((rgtT_0 #b1000010011001110))
((lftB_17 #b1100011000000000))
((rgtB_17 #b0010000000000000))
