sat
((kT_0 #b0000000000000110))
((kT_1 #b0000000000000000))
((kT_2 #b0000000000000100))
((kT_3 #b0000000000000000))
((kT_4 #b0000000000000000))
((kT_5 #b0000000000000000))
((kT_6 #b0000000000000001))
((kT_7 #b0011000000000110))
((kT_8 #b1010010100000101))
((kT_9 #b0110111011110100))
((kT_10 #b1110001100110000))
((kT_11 #b0101010111010010))
((kT_12 #b1001001101101001))
((kT_13 #b0101011100000010))
((kB_0 #b0000000000000000))
((kB_1 #b0000000000000000))
((kB_2 #b0000000000000000))
((kB_3 #b0000000000000000))
((kB_4 #b0000000000000000))
((kB_5 #b0000000000000000))
((kB_6 #b0000000000000000))
((kB_7 #b0000000000000000))
((kB_8 #b0000000000000000))
((kB_9 #b0000000000000000))
((kB_10 #b0000000000000000))
((kB_11 #b0000000000000000))
((kB_12 #b0000000000000000))
((kB_13 #b0000000000000000))
((lftT_0 #b0000000000010000))
((rgtT_0 #b0001000001100010))
((u_lftT_0 #b0000000000000000))
((u_rgtT_0 #b0000000000000000))
((lftT_1 #b0000000000000100))
((rgtT_1 #b0000000000010000))
((u_lftT_1 #b0000000000000000))
((u_rgtT_1 #b0000000000000000))
((lftT_2 #b0000000000000000))
((rgtT_2 #b0000000000000100))
((u_lftT_2 #b0000000000000000))
((u_rgtT_2 #b0000000000000000))
((lftT_3 #b0000000000000000))
((rgtT_3 #b0000000000000000))
((u_lftT_3 #b0000000000000000))
((u_rgtT_3 #b0000000000000000))
((lftT_4 #b0000000000000000))
((rgtT_4 #b0000000000000000))
((u_lftT_4 #b0000000000000000))
((u_rgtT_4 #b0000000000000000))
((lftT_5 #b0000000000000000))
((rgtT_5 #b0000000000000000))
((u_lftT_5 #b0000000000000000))
((u_rgtT_5 #b0000000000000000))
((lftT_6 #b0000000000000000))
((rgtT_6 #b0000000000000000))
((u_lftT_6 #b0000000000000000))
((u_rgtT_6 #b0000000000000000))
((lftT_7 #b0000000000000001))
((rgtT_7 #b0000000000000000))
((u_lftT_7 #b0000000000000000))
((u_rgtT_7 #b0000000000000000))
((lftT_8 #b0011000000000000))
((rgtT_8 #b0000000000000001))
((u_lftT_8 #b0000000100000010))
((u_rgtT_8 #b0000000000000000))
((lftT_9 #b0000000100000100))
((rgtT_9 #b0011000000000000))
((u_lftT_9 #b0110011000011101))
((u_rgtT_9 #b0000000100000010))
((lftB_6 #b0000000000001000))
((rgtB_6 #b0000000000000000))
((u_lftB_6 #b1110101100110110))
((u_rgtB_6 #b1111111011111111))
((lftB_7 #b0000000000000010))
((rgtB_7 #b0000000000001000))
((u_lftB_7 #b0001000010001001))
((u_rgtB_7 #b1110101100110110))
((lftB_8 #b1000100000000000))
((rgtB_8 #b0000000000000010))
((u_lftB_8 #b0000000000000000))
((u_rgtB_8 #b0001000010001001))
((lftB_9 #b0010000000000000))
((rgtB_9 #b1000100000000000))
((u_lftB_9 #b0000000000000000))
((u_rgtB_9 #b0000000000000000))
((lftB_10 #b0000100000000000))
((rgtB_10 #b0010000000000000))
((u_lftB_10 #b0000000000000000))
((u_rgtB_10 #b0000000000000000))
((lftB_11 #b0000000000000000))
((rgtB_11 #b0000100000000000))
((u_lftB_11 #b0000000000000000))
((u_rgtB_11 #b0000000000000000))
((lftB_12 #b0000100000000000))
((rgtB_12 #b0000000000000000))
((u_lftB_12 #b0000000000000000))
((u_rgtB_12 #b0000000000000000))
((lftB_13 #b0010000000000000))
((rgtB_13 #b0000100000000000))
((u_lftB_13 #b0000000000000000))
((u_rgtB_13 #b0000000000000000))
((lftB_14 #b1000100000000000))
((rgtB_14 #b0010000000000000))
((u_lftB_14 #b0000000000000000))
((u_rgtB_14 #b0000000000000000))
((PayT_5 #b0000000000000000))
((PayB_6 #b0000000000000000))
((PayT_6 #b0000000000000000))
((PayB_7 #b0000000000000000))
((PayT_7 #b0000000000000000))
((PayB_8 #b0000000000000000))
((PayT_8 #b0000000000100000))
((PayB_9 #b0100000000100000))
((kT_0 #b0000000000000110))
((kT_1 #b0000000000000000))
((kT_2 #b0000000000000100))
((kT_3 #b0000000000000000))
((kB_10 #b0000000000000000))
((kB_11 #b0000000000000000))
((kB_12 #b0000000000000000))
((kB_13 #b0000000000000000))
((lftT_0 #b0000000000010000))
((rgtT_0 #b0001000001100010))
((lftB_14 #b1000100000000000))
((rgtB_14 #b0010000000000000))
