sat
((kT_0 #b0000000000110001))
((kT_1 #b0000000000000000))
((kT_2 #b0000000000000000))
((kT_3 #b0000000100000000))
((kT_4 #b0000000000000001))
((kT_5 #b0011000000000000))
((kT_6 #b0000010010000000))
((kT_7 #b1000000111011001))
((kT_8 #b1000000000100111))
((kT_9 #b1011111011000110))
((kT_10 #b1111100110000001))
((kT_11 #b1110000101000101))
((kT_12 #b1000001110111110))
((kT_13 #b1000001111001011))
((kT_14 #b0010000000100011))
((kT_15 #b0111010100100010))
((kT_16 #b1010100001100110))
((kB_0 #b0000000000000100))
((kB_1 #b1001100010100111))
((kB_2 #b0101010001000000))
((kB_3 #b1111101011000000))
((kB_4 #b0100010000000100))
((kB_5 #b0010101000000111))
((kB_6 #b0100010000000000))
((kB_7 #b1001000000000110))
((kB_8 #b0100000000000000))
((kB_9 #b0100000000000111))
((kB_10 #b0000000000000101))
((kB_11 #b0000000000000110))
((kB_12 #b0000000000000100))
((kB_13 #b0000000000000000))
((kB_14 #b0000000000000000))
((kB_15 #b0000000000000000))
((kB_16 #b0000000000000100))
((lftT_0 #b0000000000000000))
((rgtT_0 #b0000000000110001))
((u_lftT_0 #b0000000000000000))
((u_rgtT_0 #b0000000000000000))
((lftT_1 #b0000000000000000))
((rgtT_1 #b0000000000000000))
((u_lftT_1 #b0000000000000000))
((u_rgtT_1 #b0000000000000000))
((lftT_2 #b0000000000000000))
((rgtT_2 #b0000000000000000))
((u_lftT_2 #b0000000000000000))
((u_rgtT_2 #b0000000000000000))
((lftT_3 #b0000000000000000))
((rgtT_3 #b0000000000000000))
((u_lftT_3 #b0000000000000000))
((u_rgtT_3 #b0000000000000000))
((lftT_4 #b0000000100000000))
((rgtT_4 #b0000000000000000))
((u_lftT_4 #b0000000000000000))
((u_rgtT_4 #b0000000000000000))
((lftT_5 #b0000010000000000))
((rgtT_5 #b0000000100000000))
((u_lftT_5 #b0000001000000001))
((u_rgtT_5 #b0000000000000000))
((lftT_6 #b0010000000000000))
((rgtT_6 #b0000010000000000))
((u_lftT_6 #b0000110100000110))
((u_rgtT_6 #b0000001000000001))
((lftT_7 #b1000000010000000))
((rgtT_7 #b0010000000000000))
((u_lftT_7 #b0111111000111101))
((u_rgtT_7 #b0000110100000110))
((lftT_8 #b0000001000000000))
((rgtT_8 #b1000000010000000))
((u_lftT_8 #b1111110111111111))
((u_rgtT_8 #b0111111000111101))
((lftT_9 #b0000000000000000))
((rgtT_9 #b0000001000000000))
((u_lftT_9 #b1111111111111111))
((u_rgtT_9 #b1111110111111111))
((lftT_10 #b0000000000000000))
((rgtT_10 #b0000000000000000))
((u_lftT_10 #b1111111111111111))
((u_rgtT_10 #b1111111111111111))
((lftT_11 #b0000000000000000))
((rgtT_11 #b0000000000000000))
((u_lftT_11 #b1111111111111111))
((u_rgtT_11 #b1111111111111111))
((lftT_12 #b0000000000000000))
((rgtT_12 #b0000000000000000))
((u_lftT_12 #b1111111111111111))
((u_rgtT_12 #b1111111111111111))
((lftT_13 #b0000000000000000))
((rgtT_13 #b0000000000000000))
((u_lftT_13 #b1111111111111111))
((u_rgtT_13 #b1111111111111111))
((lftT_14 #b0000000000000000))
((rgtT_14 #b0000000000000000))
((u_lftT_14 #b1111111111111111))
((u_rgtT_14 #b1111111111111111))
((lftT_15 #b0000000000000000))
((rgtT_15 #b0000000000000000))
((u_lftT_15 #b1111111111111111))
((u_rgtT_15 #b1111111111111111))
((lftB_2 #b0000000000000000))
((rgtB_2 #b0000000000000000))
((u_lftB_2 #b1111111111111111))
((u_rgtB_2 #b1111111111111111))
((lftB_3 #b0000000000000000))
((rgtB_3 #b0000000000000000))
((u_lftB_3 #b1111111111111111))
((u_rgtB_3 #b1111111111111111))
((lftB_4 #b0000000000000000))
((rgtB_4 #b0000000000000000))
((u_lftB_4 #b1111111111111111))
((u_rgtB_4 #b1111111111111111))
((lftB_5 #b0000000000000000))
((rgtB_5 #b0000000000000000))
((u_lftB_5 #b1111111111111111))
((u_rgtB_5 #b1111111111111111))
((lftB_6 #b0000000000000000))
((rgtB_6 #b0000000000000000))
((u_lftB_6 #b1111111111111111))
((u_rgtB_6 #b1111111111111111))
((lftB_7 #b0000000000000000))
((rgtB_7 #b0000000000000000))
((u_lftB_7 #b1111111111111111))
((u_rgtB_7 #b1111111111111111))
((lftB_8 #b0000000000000001))
((rgtB_8 #b0000000000000000))
((u_lftB_8 #b0111110111111110))
((u_rgtB_8 #b1111111111111111))
((lftB_9 #b0000000001000001))
((rgtB_9 #b0000000000000001))
((u_lftB_9 #b0001111000111100))
((u_rgtB_9 #b0111110111111110))
((lftB_10 #b0000000000010110))
((rgtB_10 #b0000000001000001))
((u_lftB_10 #b0000010000001000))
((u_rgtB_10 #b0001111000111100))
((lftB_11 #b0000000000000100))
((rgtB_11 #b0000000000010110))
((u_lftB_11 #b0000000000000000))
((u_rgtB_11 #b0000010000001000))
((lftB_12 #b0000000000000000))
((rgtB_12 #b0000000000000100))
((u_lftB_12 #b0000000000000000))
((u_rgtB_12 #b0000000000000000))
((lftB_13 #b0000000000000000))
((rgtB_13 #b0000000000000000))
((u_lftB_13 #b0000000000000000))
((u_rgtB_13 #b0000000000000000))
((lftB_14 #b0000000000000000))
((rgtB_14 #b0000000000000000))
((u_lftB_14 #b0000000000000000))
((u_rgtB_14 #b0000000000000000))
((lftB_15 #b0000000000000000))
((rgtB_15 #b0000000000000000))
((u_lftB_15 #b0000000000000000))
((u_rgtB_15 #b0000000000000000))
((lftB_16 #b0000000000000000))
((rgtB_16 #b0000000000000000))
((u_lftB_16 #b0000000000000000))
((u_rgtB_16 #b0000000000000000))
((lftB_17 #b0000000000000100))
((rgtB_17 #b0000000000000000))
((u_lftB_17 #b0000000000000000))
((u_rgtB_17 #b0000000000000000))
((PayT_1 #b0000000000000000))
((PayB_2 #b0000000000000000))
((PayT_2 #b0000000000000000))
((PayB_3 #b0000000000000000))
((PayT_3 #b0000000000000000))
((PayB_4 #b0000000000000000))
((PayT_4 #b0000000000000000))
((PayB_5 #b0000000000000000))
((PayT_5 #b0000000000000000))
((PayB_6 #b0000000000000000))
((PayT_6 #b0000000000000000))
((PayB_7 #b0000000000000000))
((PayT_7 #b0000000000000000))
((PayB_8 #b0000000000000000))
((PayT_8 #b0000000000000000))
((PayB_9 #b0000000000000000))
((PayT_9 #b0000000000000000))
((PayB_10 #b0000000000000000))
((PayT_10 #b0000000000000000))
((PayB_11 #b0000000000000000))
((PayT_11 #b0000000000000000))
((PayB_12 #b0000000000000000))
((PayT_12 #b0000000000000000))
((PayB_13 #b0000000000000000))
((PayT_13 #b0000000000000000))
((PayB_14 #b0000000000000000))
((PayT_14 #b0000000000000000))
((PayB_15 #b0000000000000000))
((kT_0 #b0000000000110001))
((kT_1 #b0000000000000000))
((kT_2 #b0000000000000000))
((kT_3 #b0000000100000000))
((kB_13 #b0000000000000000))
((kB_14 #b0000000000000000))
((kB_15 #b0000000000000000))
((kB_16 #b0000000000000100))
((lftT_0 #b0000000000000000))
((rgtT_0 #b0000000000110001))
((lftB_17 #b0000000000000100))
((rgtB_17 #b0000000000000000))
((constraintmask_1 #b0000000000000000))
((constraintmask_2 #b0000000000000000))
((constraintmask_3 #b0000000000000000))
((constraintmask_4 #b0000000000000000))
((constraintmask_5 #b0000000000000000))
((constraintmask_6 #b0000000000000000))
((constraintmask_7 #b0000000000000000))
((constraintmask_8 #b0000000000000010))
((constraintmask_9 #b0000000000000000))
((constraintmask_10 #b0000000000000000))
((constraintmask_11 #b0000000000000000))
((constraintmask_12 #b0000000000000000))
((constraintmask_13 #b0000000000000000))
((constraintmask_14 #b0000000000000000))
((constraintmask_15 #b0000000000000000))
