sat
((kT_0 #b0000001000000000))
((kT_1 #b0000000000000000))
((kT_2 #b0000000000000000))
((kT_3 #b0000000000000000))
((kT_4 #b0000001000000000))
((kT_5 #b0000000001100000))
((kT_6 #b0000000000001010))
((kT_7 #b1110001100000001))
((kT_8 #b0010000000000000))
((kT_9 #b0000011001101111))
((kT_10 #b0000001000100000))
((kT_11 #b1101001101100111))
((kT_12 #b0010001000000010))
((kT_13 #b0110001100111111))
((kB_0 #b1000000010001000))
((kB_1 #b0100000011100101))
((kB_2 #b1000000000001000))
((kB_3 #b0000000011010010))
((kB_4 #b0000000000001000))
((kB_5 #b0000000011101000))
((kB_6 #b0000000010100000))
((kB_7 #b0000000011000000))
((kB_8 #b0000000010000000))
((kB_9 #b0000000000000000))
((kB_10 #b0000000000000000))
((kB_11 #b0000000000000000))
((kB_12 #b0000000010000000))
((kB_13 #b0000000000011000))
((lftT_0 #b0000000000000000))
((rgtT_0 #b0000001000000000))
((u_lftT_0 #b0000000000000000))
((u_rgtT_0 #b0000000000000000))
((lftT_1 #b0000000000000000))
((rgtT_1 #b0000000000000000))
((u_lftT_1 #b0000000000000000))
((u_rgtT_1 #b0000000000000000))
((lftT_2 #b0000000000000000))
((rgtT_2 #b0000000000000000))
((u_lftT_2 #b0000000000000000))
((u_rgtT_2 #b0000000000000000))
((lftT_3 #b0000000000000000))
((rgtT_3 #b0000000000000000))
((u_lftT_3 #b0000000000000000))
((u_rgtT_3 #b0000000000000000))
((lftT_4 #b0000000000000000))
((rgtT_4 #b0000000000000000))
((u_lftT_4 #b0000000000000000))
((u_rgtT_4 #b0000000000000000))
((lftT_5 #b0000001000000000))
((rgtT_5 #b0000000000000000))
((u_lftT_5 #b0000000000000000))
((u_rgtT_5 #b0000000000000000))
((lftT_6 #b0000100001100000))
((rgtT_6 #b0000001000000000))
((u_lftT_6 #b0000010000000010))
((u_rgtT_6 #b0000000000000000))
((lftT_7 #b0000000100000010))
((rgtT_7 #b0000100001100000))
((u_lftT_7 #b0011101011001100))
((u_rgtT_7 #b0000010000000010))
((lftT_8 #b0000000001001000))
((rgtT_8 #b0000000100000010))
((u_lftT_8 #b1111111110111111))
((u_rgtT_8 #b0011101011001100))
((lftB_6 #b0000001011000000))
((rgtB_6 #b0100101000100000))
((u_lftB_6 #b0000000000000000))
((u_rgtB_6 #b1100010110000010))
((lftB_7 #b0000000010000000))
((rgtB_7 #b0000001011000000))
((u_lftB_7 #b0000000000000000))
((u_rgtB_7 #b0000000000000000))
((lftB_8 #b0000000000000000))
((rgtB_8 #b0000000010000000))
((u_lftB_8 #b0000000000000000))
((u_rgtB_8 #b0000000000000000))
((lftB_9 #b0000000000000000))
((rgtB_9 #b0000000000000000))
((u_lftB_9 #b0000000000000000))
((u_rgtB_9 #b0000000000000000))
((lftB_10 #b0000000000000000))
((rgtB_10 #b0000000000000000))
((u_lftB_10 #b0000000000000000))
((u_rgtB_10 #b0000000000000000))
((lftB_11 #b0000000000000000))
((rgtB_11 #b0000000000000000))
((u_lftB_11 #b0000000000000000))
((u_rgtB_11 #b0000000000000000))
((lftB_12 #b0000000000000000))
((rgtB_12 #b0000000000000000))
((u_lftB_12 #b0000000000000000))
((u_rgtB_12 #b0000000000000000))
((lftB_13 #b0000000010000000))
((rgtB_13 #b0000000000000000))
((u_lftB_13 #b0000000000000000))
((u_rgtB_13 #b0000000000000000))
((lftB_14 #b0000001000011000))
((rgtB_14 #b0000000010000000))
((u_lftB_14 #b0000000000000000))
((u_rgtB_14 #b0000000000000000))
((PayT_5 #b0000000000000000))
((PayB_6 #b0000000000000000))
((PayT_6 #b0100000000000000))
((PayB_7 #b1000000100000000))
((PayT_7 #b0000000000000000))
((PayB_8 #b0000000000000000))
((kT_0 #b0000001000000000))
((kT_1 #b0000000000000000))
((kT_2 #b0000000000000000))
((kT_3 #b0000000000000000))
((kB_10 #b0000000000000000))
((kB_11 #b0000000000000000))
((kB_12 #b0000000010000000))
((kB_13 #b0000000000011000))
((lftT_0 #b0000000000000000))
((rgtT_0 #b0000001000000000))
((lftB_14 #b0000001000011000))
((rgtB_14 #b0000000010000000))
