sat
((kT_0 #b0000000000000110))
((kT_1 #b0000000000000000))
((kT_2 #b0000000000000000))
((kT_3 #b0000000000000000))
((kT_4 #b0000000000000000))
((kT_5 #b0000000000000110))
((kT_6 #b1010000000000101))
((kT_7 #b1110111000000110))
((kT_8 #b1011001100100000))
((kT_9 #b0110110101010010))
((kT_10 #b0101001001111010))
((kT_11 #b1110101111011000))
((kT_12 #b0111101100011000))
((kB_0 #b1001010010110001))
((kB_1 #b1110011000001011))
((kB_2 #b0100001010100110))
((kB_3 #b1001011010011001))
((kB_4 #b0010101000000011))
((kB_5 #b1101001000011000))
((kB_6 #b1000100000010100))
((kB_7 #b1111000000011110))
((kB_8 #b1010000000010000))
((kB_9 #b0000000000000000))
((kB_10 #b0000000000000000))
((kB_11 #b0000000000000000))
((kB_12 #b1010000000010101))
((lftT_0 #b0000000000000000))
((rgtT_0 #b0000000000000110))
((u_lftT_0 #b0000000000000000))
((u_rgtT_0 #b0000000000000000))
((lftT_1 #b0000000000000000))
((rgtT_1 #b0000000000000000))
((u_lftT_1 #b0000000000000000))
((u_rgtT_1 #b0000000000000000))
((lftT_2 #b0000000000000000))
((rgtT_2 #b0000000000000000))
((u_lftT_2 #b0000000000000000))
((u_rgtT_2 #b0000000000000000))
((lftT_3 #b0000000000000000))
((rgtT_3 #b0000000000000000))
((u_lftT_3 #b0000000000000000))
((u_rgtT_3 #b0000000000000000))
((lftT_4 #b0000000000000000))
((rgtT_4 #b0000000000000000))
((u_lftT_4 #b0000000000000000))
((u_rgtT_4 #b0000000000000000))
((lftT_5 #b0000000000000000))
((rgtT_5 #b0000000000000000))
((u_lftT_5 #b0000000000000000))
((u_rgtT_5 #b0000000000000000))
((lftT_6 #b0000000000000110))
((rgtT_6 #b0000000000000000))
((u_lftT_6 #b0000000000000000))
((u_rgtT_6 #b0000000000000000))
((lftT_7 #b1010000000010001))
((rgtT_7 #b0000000000000110))
((u_lftT_7 #b0000011000001100))
((u_rgtT_7 #b0000000000000000))
((lftT_8 #b0110101001010100))
((rgtT_8 #b1010000000010001))
((u_lftT_8 #b0101110110111111))
((u_rgtT_8 #b0000011000001100))
((lftB_5 #b0000000000000000))
((rgtB_5 #b1011000001000000))
((u_lftB_5 #b1111111111111111))
((u_rgtB_5 #b1111111111111111))
((lftB_6 #b0010000001011100))
((rgtB_6 #b0000000000000000))
((u_lftB_6 #b0101000010100001))
((u_rgtB_6 #b1111111111111111))
((lftB_7 #b1010000000010000))
((rgtB_7 #b0010000001011100))
((u_lftB_7 #b0000000000000000))
((u_rgtB_7 #b0101000010100001))
((lftB_8 #b0000000000000000))
((rgtB_8 #b1010000000010000))
((u_lftB_8 #b0000000000000000))
((u_rgtB_8 #b0000000000000000))
((lftB_9 #b0000000000000000))
((rgtB_9 #b0000000000000000))
((u_lftB_9 #b0000000000000000))
((u_rgtB_9 #b0000000000000000))
((lftB_10 #b0000000000000000))
((rgtB_10 #b0000000000000000))
((u_lftB_10 #b0000000000000000))
((u_rgtB_10 #b0000000000000000))
((lftB_11 #b0000000000000000))
((rgtB_11 #b0000000000000000))
((u_lftB_11 #b0000000000000000))
((u_rgtB_11 #b0000000000000000))
((lftB_12 #b0000000000000000))
((rgtB_12 #b0000000000000000))
((u_lftB_12 #b0000000000000000))
((u_rgtB_12 #b0000000000000000))
((lftB_13 #b1010000000010101))
((rgtB_13 #b0000000000000000))
((u_lftB_13 #b0000000000000000))
((u_rgtB_13 #b0000000000000000))
((PayT_4 #b0000000000000000))
((PayB_5 #b0000000000000000))
((PayT_5 #b0000000000000000))
((PayB_6 #b0000000000000000))
((PayT_6 #b0000000000000000))
((PayB_7 #b0000000000000000))
((PayT_7 #b0000000000000000))
((PayB_8 #b0000000000000000))
((kT_0 #b0000000000000110))
((kT_1 #b0000000000000000))
((kT_2 #b0000000000000000))
((kT_3 #b0000000000000000))
((kB_9 #b0000000000000000))
((kB_10 #b0000000000000000))
((kB_11 #b0000000000000000))
((kB_12 #b1010000000010101))
((lftT_0 #b0000000000000000))
((rgtT_0 #b0000000000000110))
((lftB_13 #b1010000000010101))
((rgtB_13 #b0000000000000000))
