sat
((kT_0 #b1010000000000011))
((kT_1 #b0000000000000110))
((kT_2 #b0000000000000000))
((kT_3 #b0000000000000110))
((kT_4 #b0000000000000000))
((kT_5 #b0000000000000000))
((kT_6 #b0000000000000000))
((kT_7 #b0000000000000000))
((kT_8 #b0000000000000101))
((kT_9 #b1111000000000101))
((kT_10 #b1110000100000101))
((kT_11 #b0110001000110001))
((kT_12 #b0011001001100010))
((kT_13 #b1000010011101101))
((kT_14 #b0101101011111001))
((kT_15 #b1111011110010111))
((kT_16 #b1111010101110100))
((kT_17 #b1010001010010100))
((kT_18 #b1000100011011000))
((kB_0 #b1101000100011100))
((kB_1 #b1111011000111101))
((kB_2 #b1010110011010001))
((kB_3 #b0000011110111111))
((kB_4 #b1100110010110101))
((kB_5 #b0110100111011111))
((kB_6 #b0011001100010010))
((kB_7 #b0100100000000101))
((kB_8 #b1110110000000000))
((kB_9 #b0101000000000001))
((kB_10 #b1110000000010000))
((kB_11 #b1100000000000000))
((kB_12 #b0000000000000100))
((kB_13 #b0000000000011100))
((kB_14 #b0000000000010100))
((kB_15 #b0000000000000000))
((kB_16 #b0000000000010000))
((kB_17 #b0000000000000100))
((kB_18 #b1100000000010010))
((lftT_0 #b0000000001000000))
((rgtT_0 #b1010000100010011))
((u_lftT_0 #b0000000000000000))
((u_rgtT_0 #b0000000000000000))
((lftT_1 #b0000000000010000))
((rgtT_1 #b0000000001000000))
((u_lftT_1 #b0000000000000000))
((u_rgtT_1 #b0000000000000000))
((lftT_2 #b0000000000000110))
((rgtT_2 #b0000000000010000))
((u_lftT_2 #b0000000000000000))
((u_rgtT_2 #b0000000000000000))
((lftT_3 #b0000000000000000))
((rgtT_3 #b0000000000000110))
((u_lftT_3 #b0000000000000000))
((u_rgtT_3 #b0000000000000000))
((lftT_4 #b0000000000000000))
((rgtT_4 #b0000000000000000))
((u_lftT_4 #b0000000000000000))
((u_rgtT_4 #b0000000000000000))
((lftT_5 #b0000000000000000))
((rgtT_5 #b0000000000000000))
((u_lftT_5 #b0000000000000000))
((u_rgtT_5 #b0000000000000000))
((lftT_6 #b0000000000000000))
((rgtT_6 #b0000000000000000))
((u_lftT_6 #b0000000000000000))
((u_rgtT_6 #b0000000000000000))
((lftT_7 #b0000000000000000))
((rgtT_7 #b0000000000000000))
((u_lftT_7 #b0000000000000000))
((u_rgtT_7 #b0000000000000000))
((lftT_8 #b0000000000000000))
((rgtT_8 #b0000000000000000))
((u_lftT_8 #b0000000000000000))
((u_rgtT_8 #b0000000000000000))
((lftT_9 #b0000000000000101))
((rgtT_9 #b0000000000000000))
((u_lftT_9 #b0000000000000000))
((u_rgtT_9 #b0000000000000000))
((lftT_10 #b1111000000010001))
((rgtT_10 #b0000000000000101))
((u_lftT_10 #b0000010000001010))
((u_rgtT_10 #b0000000000000000))
((lftT_11 #b1000000000001000))
((rgtT_11 #b1111000000010001))
((u_lftT_11 #b1111101111111111))
((u_rgtT_11 #b0000010000001010))
((lftB_8 #b0000000000001000))
((rgtB_8 #b1000100000100010))
((u_lftB_8 #b1101001111100111))
((u_rgtB_8 #b1110111111011111))
((lftB_9 #b0110000000010010))
((rgtB_9 #b0000000000001000))
((u_lftB_9 #b1000000001000001))
((u_rgtB_9 #b1101001111100111))
((lftB_10 #b1100000000000000))
((rgtB_10 #b0110000000010010))
((u_lftB_10 #b0000000000000000))
((u_rgtB_10 #b1000000001000001))
((lftB_11 #b0000000000000000))
((rgtB_11 #b1100000000000000))
((u_lftB_11 #b0000000000000000))
((u_rgtB_11 #b0000000000000000))
((lftB_12 #b0000000000000000))
((rgtB_12 #b0000000000000000))
((u_lftB_12 #b0000000000000000))
((u_rgtB_12 #b0000000000000000))
((lftB_13 #b0000000000000100))
((rgtB_13 #b0000000000000000))
((u_lftB_13 #b0000000000000000))
((u_rgtB_13 #b0000000000000000))
((lftB_14 #b0000000000000100))
((rgtB_14 #b0000000000000100))
((u_lftB_14 #b0000000000000000))
((u_rgtB_14 #b0000000000000000))
((lftB_15 #b0000000000000000))
((rgtB_15 #b0000000000000100))
((u_lftB_15 #b0000000000000000))
((u_rgtB_15 #b0000000000000000))
((lftB_16 #b0000000000000100))
((rgtB_16 #b0000000000000000))
((u_lftB_16 #b0000000000000000))
((u_rgtB_16 #b0000000000000000))
((lftB_17 #b0000000000000000))
((rgtB_17 #b0000000000000100))
((u_lftB_17 #b0000000000000000))
((u_rgtB_17 #b0000000000000000))
((lftB_18 #b0000000000000000))
((rgtB_18 #b0000000000000000))
((u_lftB_18 #b0000000000000000))
((u_rgtB_18 #b0000000000000000))
((lftB_19 #b1100000000010010))
((rgtB_19 #b0000000000000000))
((u_lftB_19 #b0000000000000000))
((u_rgtB_19 #b0000000000000000))
((PayT_7 #b0000000000000000))
((PayB_8 #b0000000000000000))
((PayT_8 #b0000000000000000))
((PayB_9 #b0000000000000000))
((PayT_9 #b0000000100000000))
((PayB_10 #b0000000010000000))
((PayT_10 #b0000000000000000))
((PayB_11 #b0000000000000000))
((kT_0 #b1010000000000011))
((kT_1 #b0000000000000110))
((kT_2 #b0000000000000000))
((kT_3 #b0000000000000110))
((kB_15 #b0000000000000000))
((kB_16 #b0000000000010000))
((kB_17 #b0000000000000100))
((kB_18 #b1100000000010010))
((lftT_0 #b0000000001000000))
((rgtT_0 #b1010000100010011))
((lftB_19 #b1100000000010010))
((rgtB_19 #b0000000000000000))
