sat
((kT_0 #b1010000000000011))
((kT_1 #b0000000000000110))
((kT_2 #b0000000000000000))
((kT_3 #b0000000000000110))
((kT_4 #b0000000000000000))
((kT_5 #b0000000000000000))
((kT_6 #b0000000000000000))
((kT_7 #b0000000000000000))
((kT_8 #b0000000000000101))
((kT_9 #b1111000000000101))
((kT_10 #b1110000100000101))
((kT_11 #b0110001000110001))
((kT_12 #b0011001001100010))
((kT_13 #b1000010011101101))
((kT_14 #b0101101011111001))
((kT_15 #b1111011110010111))
((kT_16 #b1111010101110100))
((kT_17 #b1010001010010100))
((kB_0 #b1011111110011011))
((kB_1 #b1110000101110100))
((kB_2 #b0100111111110111))
((kB_3 #b1011101100000101))
((kB_4 #b1100001010000011))
((kB_5 #b0100110100000110))
((kB_6 #b1000010000000101))
((kB_7 #b0111000000000001))
((kB_8 #b1001000000000011))
((kB_9 #b0100000000000100))
((kB_10 #b1000000000000001))
((kB_11 #b0000000000000101))
((kB_12 #b0000000000000000))
((kB_13 #b0000000000000000))
((kB_14 #b0000000000000000))
((kB_15 #b0000000000000000))
((kB_16 #b0000000000000110))
((kB_17 #b1010000000000101))
((lftT_0 #b0000000001000000))
((rgtT_0 #b1010000100010011))
((u_lftT_0 #b0000000000000000))
((u_rgtT_0 #b0000000000000000))
((lftT_1 #b0000000000010000))
((rgtT_1 #b0000000001000000))
((u_lftT_1 #b0000000000000000))
((u_rgtT_1 #b0000000000000000))
((lftT_2 #b0000000000000110))
((rgtT_2 #b0000000000010000))
((u_lftT_2 #b0000000000000000))
((u_rgtT_2 #b0000000000000000))
((lftT_3 #b0000000000000000))
((rgtT_3 #b0000000000000110))
((u_lftT_3 #b0000000000000000))
((u_rgtT_3 #b0000000000000000))
((lftT_4 #b0000000000000000))
((rgtT_4 #b0000000000000000))
((u_lftT_4 #b0000000000000000))
((u_rgtT_4 #b0000000000000000))
((lftT_5 #b0000000000000000))
((rgtT_5 #b0000000000000000))
((u_lftT_5 #b0000000000000000))
((u_rgtT_5 #b0000000000000000))
((lftT_6 #b0000000000000000))
((rgtT_6 #b0000000000000000))
((u_lftT_6 #b0000000000000000))
((u_rgtT_6 #b0000000000000000))
((lftT_7 #b0000000000000000))
((rgtT_7 #b0000000000000000))
((u_lftT_7 #b0000000000000000))
((u_rgtT_7 #b0000000000000000))
((lftT_8 #b0000000000000000))
((rgtT_8 #b0000000000000000))
((u_lftT_8 #b0000000000000000))
((u_rgtT_8 #b0000000000000000))
((lftT_9 #b0000000000000101))
((rgtT_9 #b0000000000000000))
((u_lftT_9 #b0000000000000000))
((u_rgtT_9 #b0000000000000000))
((lftT_10 #b1111000000010001))
((rgtT_10 #b0000000000000101))
((u_lftT_10 #b0000010100001010))
((u_rgtT_10 #b0000000000000000))
((lftT_11 #b1111111111010000))
((rgtT_11 #b1111000000010001))
((u_lftT_11 #b1111111111111111))
((u_rgtT_11 #b0000010100001010))
((lftB_7 #b0000000000000000))
((rgtB_7 #b0011000000000011))
((u_lftB_7 #b1111111111111111))
((u_rgtB_7 #b1111111111111111))
((lftB_8 #b0100000001000000))
((rgtB_8 #b0000000000000000))
((u_lftB_8 #b0001111110111111))
((u_rgtB_8 #b1111111111111111))
((lftB_9 #b1000000000010101))
((rgtB_9 #b0100000001000000))
((u_lftB_9 #b0000010100001010))
((u_rgtB_9 #b0001111110111111))
((lftB_10 #b0000000000000101))
((rgtB_10 #b1000000000010101))
((u_lftB_10 #b0000000000000000))
((u_rgtB_10 #b0000010100001010))
((lftB_11 #b0000000000000000))
((rgtB_11 #b0000000000000101))
((u_lftB_11 #b0000000000000000))
((u_rgtB_11 #b0000000000000000))
((lftB_12 #b0000000000000000))
((rgtB_12 #b0000000000000000))
((u_lftB_12 #b0000000000000000))
((u_rgtB_12 #b0000000000000000))
((lftB_13 #b0000000000000000))
((rgtB_13 #b0000000000000000))
((u_lftB_13 #b0000000000000000))
((u_rgtB_13 #b0000000000000000))
((lftB_14 #b0000000000000000))
((rgtB_14 #b0000000000000000))
((u_lftB_14 #b0000000000000000))
((u_rgtB_14 #b0000000000000000))
((lftB_15 #b0000000000000000))
((rgtB_15 #b0000000000000000))
((u_lftB_15 #b0000000000000000))
((u_rgtB_15 #b0000000000000000))
((lftB_16 #b0000000000000000))
((rgtB_16 #b0000000000000000))
((u_lftB_16 #b0000000000000000))
((u_rgtB_16 #b0000000000000000))
((lftB_17 #b0000000000000110))
((rgtB_17 #b0000000000000000))
((u_lftB_17 #b0000000000000000))
((u_rgtB_17 #b0000000000000000))
((lftB_18 #b1010000000011101))
((rgtB_18 #b0000000000000110))
((u_lftB_18 #b0000000000000000))
((u_rgtB_18 #b0000000000000000))
((PayT_6 #b0000000000000000))
((PayB_7 #b0000000000000000))
((PayT_7 #b0000000000000000))
((PayB_8 #b0000000000000000))
((PayT_8 #b0000000000000000))
((PayB_9 #b0000000000000000))
((PayT_9 #b0000000000000000))
((PayB_10 #b0000000000000000))
((PayT_10 #b0000000000000000))
((PayB_11 #b0000000000000000))
((kT_0 #b1010000000000011))
((kT_1 #b0000000000000110))
((kT_2 #b0000000000000000))
((kT_3 #b0000000000000110))
((kB_14 #b0000000000000000))
((kB_15 #b0000000000000000))
((kB_16 #b0000000000000110))
((kB_17 #b1010000000000101))
((lftT_0 #b0000000001000000))
((rgtT_0 #b1010000100010011))
((lftB_18 #b1010000000011101))
((rgtB_18 #b0000000000000110))
