sat
((kT_0 #b0000000001000000))
((kT_1 #b0000000000000000))
((kT_2 #b0000000000000000))
((kT_3 #b0000000000000000))
((kT_4 #b0000000001000000))
((kT_5 #b0000000000001100))
((kT_6 #b0100000000000001))
((kT_7 #b0011110001100000))
((kT_8 #b0000010000000000))
((kT_9 #b1110000011001101))
((kT_10 #b0000000001000100))
((kT_11 #b1111101001101100))
((kT_12 #b0100010001000000))
((kB_0 #b0001000000010001))
((kB_1 #b1010100000011100))
((kB_2 #b0001000000000001))
((kB_3 #b0100000000011010))
((kB_4 #b0000000000000001))
((kB_5 #b0000000000011101))
((kB_6 #b0000000000010100))
((kB_7 #b0000000000011000))
((kB_8 #b0000000000010000))
((kB_9 #b0000000000000000))
((kB_10 #b0000000000000000))
((kB_11 #b0000000000000000))
((kB_12 #b0000000000010000))
((lftT_0 #b0000000000000000))
((rgtT_0 #b0000000001000000))
((u_lftT_0 #b0000000000000000))
((u_rgtT_0 #b0000000000000000))
((lftT_1 #b0000000000000000))
((rgtT_1 #b0000000000000000))
((u_lftT_1 #b0000000000000000))
((u_rgtT_1 #b0000000000000000))
((lftT_2 #b0000000000000000))
((rgtT_2 #b0000000000000000))
((u_lftT_2 #b0000000000000000))
((u_rgtT_2 #b0000000000000000))
((lftT_3 #b0000000000000000))
((rgtT_3 #b0000000000000000))
((u_lftT_3 #b0000000000000000))
((u_rgtT_3 #b0000000000000000))
((lftT_4 #b0000000000000000))
((rgtT_4 #b0000000000000000))
((u_lftT_4 #b0000000000000000))
((u_rgtT_4 #b0000000000000000))
((lftT_5 #b0000000001000000))
((rgtT_5 #b0000000000000000))
((u_lftT_5 #b0000000000000000))
((u_rgtT_5 #b0000000000000000))
((lftT_6 #b0000000100001100))
((rgtT_6 #b0000000001000000))
((u_lftT_6 #b0100000010000000))
((u_rgtT_6 #b0000000000000000))
((lftT_7 #b0100000000100000))
((rgtT_7 #b0000000100001100))
((u_lftT_7 #b1000011101011001))
((u_rgtT_7 #b0100000010000000))
((lftB_6 #b0000000001011000))
((rgtB_6 #b0000000101000100))
((u_lftB_6 #b0000000000000000))
((u_rgtB_6 #b0101100010110000))
((lftB_7 #b0000000000010000))
((rgtB_7 #b0000000001011000))
((u_lftB_7 #b0000000000000000))
((u_rgtB_7 #b0000000000000000))
((lftB_8 #b0000000000000000))
((rgtB_8 #b0000000000010000))
((u_lftB_8 #b0000000000000000))
((u_rgtB_8 #b0000000000000000))
((lftB_9 #b0000000000000000))
((rgtB_9 #b0000000000000000))
((u_lftB_9 #b0000000000000000))
((u_rgtB_9 #b0000000000000000))
((lftB_10 #b0000000000000000))
((rgtB_10 #b0000000000000000))
((u_lftB_10 #b0000000000000000))
((u_rgtB_10 #b0000000000000000))
((lftB_11 #b0000000000000000))
((rgtB_11 #b0000000000000000))
((u_lftB_11 #b0000000000000000))
((u_rgtB_11 #b0000000000000000))
((lftB_12 #b0000000000000000))
((rgtB_12 #b0000000000000000))
((u_lftB_12 #b0000000000000000))
((u_rgtB_12 #b0000000000000000))
((lftB_13 #b0000000000010000))
((rgtB_13 #b0000000000000000))
((u_lftB_13 #b0000000000000000))
((u_rgtB_13 #b0000000000000000))
((PayT_5 #b0000000000000000))
((PayB_6 #b0000000000000000))
((PayT_6 #b0000100000000000))
((PayB_7 #b0001000000100000))
((kT_0 #b0000000001000000))
((kT_1 #b0000000000000000))
((kT_2 #b0000000000000000))
((kT_3 #b0000000000000000))
((kB_9 #b0000000000000000))
((kB_10 #b0000000000000000))
((kB_11 #b0000000000000000))
((kB_12 #b0000000000010000))
((lftT_0 #b0000000000000000))
((rgtT_0 #b0000000001000000))
((lftB_13 #b0000000000010000))
((rgtB_13 #b0000000000000000))
