sat
((kT_0 #b1000000000000001))
((kT_1 #b0000000000000101))
((kT_2 #b0000000000000000))
((kT_3 #b0000000000000000))
((kT_4 #b0000000000000000))
((kT_5 #b0000000000000000))
((kT_6 #b0000000000000101))
((kT_7 #b1111000000000110))
((kT_8 #b1011000100000101))
((kT_9 #b0110110100110001))
((kT_10 #b1011001101110000))
((kT_11 #b1000010011011110))
((kT_12 #b0101001001111100))
((kT_13 #b1100100010010100))
((kT_14 #b1010000001011111))
((kB_0 #b1110000001110110))
((kB_1 #b0100100000000101))
((kB_2 #b1010111010000011))
((kB_3 #b0111110100000101))
((kB_4 #b1111010000000111))
((kB_5 #b1011000000000010))
((kB_6 #b0001000000000001))
((kB_7 #b0100000000000111))
((kB_8 #b1000000000000001))
((kB_9 #b0000000000000101))
((kB_10 #b0000000000000000))
((kB_11 #b0000000000000000))
((kB_12 #b0000000000000000))
((kB_13 #b0000000000000000))
((kB_14 #b0000000000000101))
((lftT_0 #b0000000000000101))
((rgtT_0 #b1000000000010101))
((u_lftT_0 #b0000000000000000))
((u_rgtT_0 #b0000000000000000))
((lftT_1 #b0000000000000000))
((rgtT_1 #b0000000000000101))
((u_lftT_1 #b0000000000000000))
((u_rgtT_1 #b0000000000000000))
((lftT_2 #b0000000000000000))
((rgtT_2 #b0000000000000000))
((u_lftT_2 #b0000000000000000))
((u_rgtT_2 #b0000000000000000))
((lftT_3 #b0000000000000000))
((rgtT_3 #b0000000000000000))
((u_lftT_3 #b0000000000000000))
((u_rgtT_3 #b0000000000000000))
((lftT_4 #b0000000000000000))
((rgtT_4 #b0000000000000000))
((u_lftT_4 #b0000000000000000))
((u_rgtT_4 #b0000000000000000))
((lftT_5 #b0000000000000000))
((rgtT_5 #b0000000000000000))
((u_lftT_5 #b0000000000000000))
((u_rgtT_5 #b0000000000000000))
((lftT_6 #b0000000000000000))
((rgtT_6 #b0000000000000000))
((u_lftT_6 #b0000000000000000))
((u_rgtT_6 #b0000000000000000))
((lftT_7 #b0000000000000101))
((rgtT_7 #b0000000000000000))
((u_lftT_7 #b0000000000000000))
((u_rgtT_7 #b0000000000000000))
((lftT_8 #b1111000000010000))
((rgtT_8 #b0000000000000101))
((u_lftT_8 #b0000010100001010))
((u_rgtT_8 #b0000000000000000))
((lftT_9 #b0000000100000010))
((rgtT_9 #b1111000000010000))
((u_lftT_9 #b1111111011111101))
((u_rgtT_9 #b0000010100001010))
((lftB_6 #b0100000001000000))
((rgtB_6 #b0000000000000000))
((u_lftB_6 #b0001111110111111))
((u_rgtB_6 #b1111111111111111))
((lftB_7 #b1000000000010101))
((rgtB_7 #b0100000001000000))
((u_lftB_7 #b0000010100001010))
((u_rgtB_7 #b0001111110111111))
((lftB_8 #b0000000000000101))
((rgtB_8 #b1000000000010101))
((u_lftB_8 #b0000000000000000))
((u_rgtB_8 #b0000010100001010))
((lftB_9 #b0000000000000000))
((rgtB_9 #b0000000000000101))
((u_lftB_9 #b0000000000000000))
((u_rgtB_9 #b0000000000000000))
((lftB_10 #b0000000000000000))
((rgtB_10 #b0000000000000000))
((u_lftB_10 #b0000000000000000))
((u_rgtB_10 #b0000000000000000))
((lftB_11 #b0000000000000000))
((rgtB_11 #b0000000000000000))
((u_lftB_11 #b0000000000000000))
((u_rgtB_11 #b0000000000000000))
((lftB_12 #b0000000000000000))
((rgtB_12 #b0000000000000000))
((u_lftB_12 #b0000000000000000))
((u_rgtB_12 #b0000000000000000))
((lftB_13 #b0000000000000000))
((rgtB_13 #b0000000000000000))
((u_lftB_13 #b0000000000000000))
((u_rgtB_13 #b0000000000000000))
((lftB_14 #b0000000000000000))
((rgtB_14 #b0000000000000000))
((u_lftB_14 #b0000000000000000))
((u_rgtB_14 #b0000000000000000))
((lftB_15 #b0000000000000101))
((rgtB_15 #b0000000000000000))
((u_lftB_15 #b0000000000000000))
((u_rgtB_15 #b0000000000000000))
((PayT_5 #b0000000000000000))
((PayB_6 #b0000000000000000))
((PayT_6 #b0000000000000000))
((PayB_7 #b0000000000000000))
((PayT_7 #b0000000000000000))
((PayB_8 #b0000000000000000))
((PayT_8 #b0000000000000000))
((PayB_9 #b0000000000000000))
((kT_0 #b1000000000000001))
((kT_1 #b0000000000000101))
((kT_2 #b0000000000000000))
((kT_3 #b0000000000000000))
((kB_11 #b0000000000000000))
((kB_12 #b0000000000000000))
((kB_13 #b0000000000000000))
((kB_14 #b0000000000000101))
((lftT_0 #b0000000000000101))
((rgtT_0 #b1000000000010101))
((lftB_15 #b0000000000000101))
((rgtB_15 #b0000000000000000))
