sat
((kT_0 #b0000111111001100))
((kT_1 #b0000001011000000))
((kT_2 #b0000000100000000))
((kT_3 #b0000001001000000))
((kT_4 #b0000110000000000))
((kT_5 #b0000001000000000))
((kT_6 #b0000001000000000))
((kT_7 #b0000100000100000))
((kT_8 #b0000111010000110))
((kT_9 #b1010000000111000))
((kT_10 #b1001000000110100))
((kT_11 #b1101101011100000))
((kT_12 #b1110100001010000))
((kT_13 #b0110101110011001))
((kT_14 #b1001110001101110))
((kT_15 #b0111110011010011))
((kB_0 #b1010001000000010))
((kB_1 #b1101011000000111))
((kB_2 #b0010000000100010))
((kB_3 #b0101000000111001))
((kB_4 #b0010000000000010))
((kB_5 #b1000000000110100))
((kB_6 #b0000000000000010))
((kB_7 #b0000000000111010))
((kB_8 #b0000000000101000))
((kB_9 #b0000000000110000))
((kB_10 #b0000000000100000))
((kB_11 #b0000000000000000))
((kB_12 #b0000000000000000))
((kB_13 #b0000000000000000))
((kB_14 #b0000000000100000))
((kB_15 #b0000000000000110))
((lftT_0 #b0000001010000000))
((rgtT_0 #b0000010111001100))
((u_lftT_0 #b0000000000000000))
((u_rgtT_0 #b0000000000000000))
((lftT_1 #b0000000000000000))
((rgtT_1 #b0000001010000000))
((u_lftT_1 #b0000000000000000))
((u_rgtT_1 #b0000000000000000))
((lftT_2 #b0000000001000000))
((rgtT_2 #b0000000000000000))
((u_lftT_2 #b0000000000000000))
((u_rgtT_2 #b0000000000000000))
((lftT_3 #b0000000000000000))
((rgtT_3 #b0000000001000000))
((u_lftT_3 #b0000000000000000))
((u_rgtT_3 #b0000000000000000))
((lftT_4 #b0000001000000000))
((rgtT_4 #b0000000000000000))
((u_lftT_4 #b0000000000000000))
((u_rgtT_4 #b0000000000000000))
((lftT_5 #b0000000000000000))
((rgtT_5 #b0000001000000000))
((u_lftT_5 #b0000000000000000))
((u_rgtT_5 #b0000000000000000))
((lftT_6 #b0000000000000000))
((rgtT_6 #b0000000000000000))
((u_lftT_6 #b0000000000000000))
((u_rgtT_6 #b0000000000000000))
((lftT_7 #b0000001000000000))
((rgtT_7 #b0000000000000000))
((u_lftT_7 #b0000000000000000))
((u_rgtT_7 #b0000000000000000))
((lftT_8 #b0000000000100000))
((rgtT_8 #b0000001000000000))
((u_lftT_8 #b0000000000000010))
((u_rgtT_8 #b0000000000000000))
((lftT_9 #b0000110000000010))
((rgtT_9 #b0000000000100000))
((u_lftT_9 #b0010001001001100))
((u_rgtT_9 #b0000000000000010))
((lftT_10 #b0001001010111010))
((rgtT_10 #b0000110000000010))
((u_lftT_10 #b1101111110111110))
((u_rgtT_10 #b0010001001001100))
((lftB_6 #b0000000000001000))
((rgtB_6 #b0000000000000000))
((u_lftB_6 #b1110111111110011))
((u_rgtB_6 #b1111111111111111))
((lftB_7 #b0000001000001000))
((rgtB_7 #b0000000000001000))
((u_lftB_7 #b1111000111100000))
((u_rgtB_7 #b1110111111110011))
((lftB_8 #b0000000010110000))
((rgtB_8 #b0000001000001000))
((u_lftB_8 #b0010000001000000))
((u_rgtB_8 #b1111000111100000))
((lftB_9 #b0000000000100000))
((rgtB_9 #b0000000010110000))
((u_lftB_9 #b0000000000000000))
((u_rgtB_9 #b0010000001000000))
((lftB_10 #b0000000000000000))
((rgtB_10 #b0000000000100000))
((u_lftB_10 #b0000000000000000))
((u_rgtB_10 #b0000000000000000))
((lftB_11 #b0000000000000000))
((rgtB_11 #b0000000000000000))
((u_lftB_11 #b0000000000000000))
((u_rgtB_11 #b0000000000000000))
((lftB_12 #b0000000000000000))
((rgtB_12 #b0000000000000000))
((u_lftB_12 #b0000000000000000))
((u_rgtB_12 #b0000000000000000))
((lftB_13 #b0000000000000000))
((rgtB_13 #b0000000000000000))
((u_lftB_13 #b0000000000000000))
((u_rgtB_13 #b0000000000000000))
((lftB_14 #b0000000000000000))
((rgtB_14 #b0000000000000000))
((u_lftB_14 #b0000000000000000))
((u_rgtB_14 #b0000000000000000))
((lftB_15 #b0000000000100000))
((rgtB_15 #b0000000000000000))
((u_lftB_15 #b0000000000000000))
((u_rgtB_15 #b0000000000000000))
((lftB_16 #b0000000010000110))
((rgtB_16 #b0000000000100000))
((u_lftB_16 #b0000000000000000))
((u_rgtB_16 #b0000000000000000))
((PayT_5 #b0000000000000000))
((PayB_6 #b0000000000000000))
((PayT_6 #b0000000000000000))
((PayB_7 #b0000000000000000))
((PayT_7 #b0000010000000000))
((PayB_8 #b0000000000000000))
((PayT_8 #b0000000000000000))
((PayB_9 #b0000000000000000))
((PayT_9 #b0000000000000000))
((PayB_10 #b0000000000000000))
((kT_0 #b0000111111001100))
((kT_1 #b0000001011000000))
((kT_2 #b0000000100000000))
((kT_3 #b0000001001000000))
((kB_12 #b0000000000000000))
((kB_13 #b0000000000000000))
((kB_14 #b0000000000100000))
((kB_15 #b0000000000000110))
((lftT_0 #b0000001010000000))
((rgtT_0 #b0000010111001100))
((lftB_16 #b0000000010000110))
((rgtB_16 #b0000000000100000))
