sat
((kT_0 #b0000000000001000))
((kT_1 #b0000000000000000))
((kT_2 #b0000000000000000))
((kT_3 #b0000000000000000))
((kT_4 #b0000000000001000))
((kT_5 #b1000000000000001))
((kT_6 #b0010100000000000))
((kT_7 #b0000011110001100))
((kT_8 #b0000000010000000))
((kT_9 #b1011110000011001))
((kT_10 #b1000000000001000))
((kT_11 #b1001111101001101))
((kB_0 #b1001101010111000))
((kB_1 #b0011000100000010))
((kB_2 #b0010010000110101))
((kB_3 #b0001000000000010))
((kB_4 #b1101000000111011))
((kB_5 #b0100000000101001))
((kB_6 #b1000000000110001))
((kB_7 #b0000000000100001))
((kB_8 #b0000000000000000))
((kB_9 #b0000000000000000))
((kB_10 #b0000000000000000))
((kB_11 #b0000000000100001))
((lftT_0 #b0000000000000000))
((rgtT_0 #b0000000000001000))
((u_lftT_0 #b0000000000000000))
((u_rgtT_0 #b0000000000000000))
((lftT_1 #b0000000000000000))
((rgtT_1 #b0000000000000000))
((u_lftT_1 #b0000000000000000))
((u_rgtT_1 #b0000000000000000))
((lftT_2 #b0000000000000000))
((rgtT_2 #b0000000000000000))
((u_lftT_2 #b0000000000000000))
((u_rgtT_2 #b0000000000000000))
((lftT_3 #b0000000000000000))
((rgtT_3 #b0000000000000000))
((u_lftT_3 #b0000000000000000))
((u_rgtT_3 #b0000000000000000))
((lftT_4 #b0000000000000000))
((rgtT_4 #b0000000000000000))
((u_lftT_4 #b0000000000000000))
((u_rgtT_4 #b0000000000000000))
((lftT_5 #b0000000000001000))
((rgtT_5 #b0000000000000000))
((u_lftT_5 #b0000000000000000))
((u_rgtT_5 #b0000000000000000))
((lftT_6 #b1000000000100001))
((rgtT_6 #b0000000000001000))
((u_lftT_6 #b0000100000010000))
((u_rgtT_6 #b0000000000000000))
((lftB_6 #b0000000000100001))
((rgtB_6 #b1000000010110101))
((u_lftB_6 #b0000000000000000))
((u_rgtB_6 #b0010000101000010))
((lftB_7 #b0000000000000000))
((rgtB_7 #b0000000000100001))
((u_lftB_7 #b0000000000000000))
((u_rgtB_7 #b0000000000000000))
((lftB_8 #b0000000000000000))
((rgtB_8 #b0000000000000000))
((u_lftB_8 #b0000000000000000))
((u_rgtB_8 #b0000000000000000))
((lftB_9 #b0000000000000000))
((rgtB_9 #b0000000000000000))
((u_lftB_9 #b0000000000000000))
((u_rgtB_9 #b0000000000000000))
((lftB_10 #b0000000000000000))
((rgtB_10 #b0000000000000000))
((u_lftB_10 #b0000000000000000))
((u_rgtB_10 #b0000000000000000))
((lftB_11 #b0000000000000000))
((rgtB_11 #b0000000000000000))
((u_lftB_11 #b0000000000000000))
((u_rgtB_11 #b0000000000000000))
((lftB_12 #b0000000000100001))
((rgtB_12 #b0000000000000000))
((u_lftB_12 #b0000000000000000))
((u_rgtB_12 #b0000000000000000))
((PayT_5 #b0000000000000000))
((PayB_6 #b0000000000000000))
((kT_0 #b0000000000001000))
((kT_1 #b0000000000000000))
((kT_2 #b0000000000000000))
((kT_3 #b0000000000000000))
((kB_8 #b0000000000000000))
((kB_9 #b0000000000000000))
((kB_10 #b0000000000000000))
((kB_11 #b0000000000100001))
((lftT_0 #b0000000000000000))
((rgtT_0 #b0000000000001000))
((lftB_12 #b0000000000100001))
((rgtB_12 #b0000000000000000))
