sat
((kT_0 #b0000000000000110))
((kT_1 #b0000000000000000))
((kT_2 #b0000000000000000))
((kT_3 #b0000000000000000))
((kT_4 #b0000000000000000))
((kT_5 #b0000000000000110))
((kT_6 #b1010000000000101))
((kT_7 #b1110111000000110))
((kT_8 #b1011001100100000))
((kT_9 #b0110110101010010))
((kT_10 #b0101001001111010))
((kT_11 #b1110101111011000))
((kT_12 #b0111101100011000))
((kT_13 #b1001111011000010))
((kB_0 #b0111101100000101))
((kB_1 #b0111001010000001))
((kB_2 #b0000110100000111))
((kB_3 #b0000010000000100))
((kB_4 #b0111000000000010))
((kB_5 #b1001000000000011))
((kB_6 #b0100000000000100))
((kB_7 #b1000000000000001))
((kB_8 #b0000000000000101))
((kB_9 #b0000000000000000))
((kB_10 #b0000000000000000))
((kB_11 #b0000000000000000))
((kB_12 #b0000000000000000))
((kB_13 #b0000000000000101))
((lftT_0 #b0000000000000000))
((rgtT_0 #b0000000000000110))
((u_lftT_0 #b0000000000000000))
((u_rgtT_0 #b0000000000000000))
((lftT_1 #b0000000000000000))
((rgtT_1 #b0000000000000000))
((u_lftT_1 #b0000000000000000))
((u_rgtT_1 #b0000000000000000))
((lftT_2 #b0000000000000000))
((rgtT_2 #b0000000000000000))
((u_lftT_2 #b0000000000000000))
((u_rgtT_2 #b0000000000000000))
((lftT_3 #b0000000000000000))
((rgtT_3 #b0000000000000000))
((u_lftT_3 #b0000000000000000))
((u_rgtT_3 #b0000000000000000))
((lftT_4 #b0000000000000000))
((rgtT_4 #b0000000000000000))
((u_lftT_4 #b0000000000000000))
((u_rgtT_4 #b0000000000000000))
((lftT_5 #b0000000000000000))
((rgtT_5 #b0000000000000000))
((u_lftT_5 #b0000000000000000))
((u_rgtT_5 #b0000000000000000))
((lftT_6 #b0000000000000110))
((rgtT_6 #b0000000000000000))
((u_lftT_6 #b0000000000000000))
((u_rgtT_6 #b0000000000000000))
((lftT_7 #b1010000000010001))
((rgtT_7 #b0000000000000110))
((u_lftT_7 #b0000010000001100))
((u_rgtT_7 #b0000000000000000))
((lftT_8 #b0110001001000000))
((rgtT_8 #b1010000000010001))
((u_lftT_8 #b0101110110111111))
((u_rgtT_8 #b0000010000001100))
((lftB_6 #b1000000000010101))
((rgtB_6 #b0100000011001000))
((u_lftB_6 #b0000000000001010))
((u_rgtB_6 #b0001111110111111))
((lftB_7 #b0000000000000101))
((rgtB_7 #b1000000000010101))
((u_lftB_7 #b0000000000000000))
((u_rgtB_7 #b0000000000001010))
((lftB_8 #b0000000000000000))
((rgtB_8 #b0000000000000101))
((u_lftB_8 #b0000000000000000))
((u_rgtB_8 #b0000000000000000))
((lftB_9 #b0000000000000000))
((rgtB_9 #b0000000000000000))
((u_lftB_9 #b0000000000000000))
((u_rgtB_9 #b0000000000000000))
((lftB_10 #b0000000000000000))
((rgtB_10 #b0000000000000000))
((u_lftB_10 #b0000000000000000))
((u_rgtB_10 #b0000000000000000))
((lftB_11 #b0000000000000000))
((rgtB_11 #b0000000000000000))
((u_lftB_11 #b0000000000000000))
((u_rgtB_11 #b0000000000000000))
((lftB_12 #b0000000000000000))
((rgtB_12 #b0000000000000000))
((u_lftB_12 #b0000000000000000))
((u_rgtB_12 #b0000000000000000))
((lftB_13 #b0000000000000000))
((rgtB_13 #b0000000000000000))
((u_lftB_13 #b0000000000000000))
((u_rgtB_13 #b0000000000000000))
((lftB_14 #b0000000000000101))
((rgtB_14 #b0000000000000000))
((u_lftB_14 #b0000000000000000))
((u_rgtB_14 #b0000000000000000))
((PayT_5 #b0000000000000000))
((PayB_6 #b0000000000000000))
((PayT_6 #b0000001000000000))
((PayB_7 #b0000010100000000))
((PayT_7 #b0000000000000000))
((PayB_8 #b0000000000000000))
((kT_0 #b0000000000000110))
((kT_1 #b0000000000000000))
((kT_2 #b0000000000000000))
((kT_3 #b0000000000000000))
((kB_10 #b0000000000000000))
((kB_11 #b0000000000000000))
((kB_12 #b0000000000000000))
((kB_13 #b0000000000000101))
((lftT_0 #b0000000000000000))
((rgtT_0 #b0000000000000110))
((lftB_14 #b0000000000000101))
((rgtB_14 #b0000000000000000))
